rho_c = 0.001, P_c = 0.000105486, eps_c = 0.00106107
Scale = 100, Pressure Depletion = 1
finished odeint with kount = 4659, r = 8.67177, and P = 1.00378e-23
Found TOV solution for rho_c = 0.001
       Mass     = 1.17363
       RestMass = 1.27792
       Radius   = 7.45193
       Circ Radius = 8.67177
       Surf Lapse  =  0.854003  0.854003  8.67177
rho_c = 0.00103619, P_c = 0.000115812, eps_c = 0.0011035
Scale = 100, Pressure Depletion = 1
finished odeint with kount = 4641, r = 8.66287, and P = 1.34694e-23
Found TOV solution for rho_c = 0.00103619
       Mass     = 1.21954
       RestMass = 1.33242
       Radius   = 7.39304
       Circ Radius = 8.66287
       Surf Lapse  =  0.847611  0.847611  8.66287
rho_c = 0.00107368, P_c = 0.000127179, eps_c = 0.0011478
Scale = 100, Pressure Depletion = 1
finished odeint with kount = 4634, r = 8.64877, and P = 3.87189e-23
Found TOV solution for rho_c = 0.00107368
       Mass     = 1.26561
       RestMass = 1.38754
       Radius   = 7.32853
       Circ Radius = 8.64877
       Surf Lapse  =  0.841031  0.841031  8.64877
rho_c = 0.00111253, P_c = 0.000139569, eps_c = 0.00119415
Scale = 100, Pressure Depletion = 1
finished odeint with kount = 4637, r = 8.63396, and P = 8.43692e-23
Found TOV solution for rho_c = 0.00111253
       Mass     = 1.31126
       RestMass = 1.44259
       Radius   = 7.26352
       Circ Radius = 8.63396
       Surf Lapse  =  0.834419  0.834419  8.63396
rho_c = 0.00115279, P_c = 0.000153108, eps_c = 0.0012427
Scale = 100, Pressure Depletion = 1
finished odeint with kount = 4608, r = 8.61702, and P = 1.35494e-22
Found TOV solution for rho_c = 0.00115279
       Mass     = 1.35645
       RestMass = 1.4975
       Radius   = 7.19665
       Circ Radius = 8.61702
       Surf Lapse  =  0.82775  0.82775  8.61702
rho_c = 0.0011945, P_c = 0.000168001, eps_c = 0.00129348
Scale = 100, Pressure Depletion = 1
finished odeint with kount = 4576, r = 8.59754, and P = 2.17157e-23
Found TOV solution for rho_c = 0.0011945
       Mass     = 1.40134
       RestMass = 1.5525
       Radius   = 7.12732
       Circ Radius = 8.59754
       Surf Lapse  =  0.820984  0.820984  8.59754
rho_c = 0.00123773, P_c = 0.000184365, eps_c = 0.00134661
Scale = 100, Pressure Depletion = 1
finished odeint with kount = 4595, r = 8.57424, and P = 1.20531e-22
Found TOV solution for rho_c = 0.00123773
       Mass     = 1.44575
       RestMass = 1.60738
       Radius   = 7.05441
       Circ Radius = 8.57424
       Surf Lapse  =  0.814106  0.814106  8.57424
rho_c = 0.00128251, P_c = 0.000202137, eps_c = 0.00140237
Scale = 100, Pressure Depletion = 1
finished odeint with kount = 4567, r = 8.54846, and P = 1.69227e-23
Found TOV solution for rho_c = 0.00128251
       Mass     = 1.48904
       RestMass = 1.6613
       Radius   = 6.98001
       Circ Radius = 8.54846
       Surf Lapse  =  0.807233  0.807233  8.54846
rho_c = 0.00132892, P_c = 0.00022164, eps_c = 0.00146081
Scale = 100, Pressure Depletion = 1
finished odeint with kount = 4565, r = 8.51979, and P = 1.31402e-23
Found TOV solution for rho_c = 0.00132892
       Mass     = 1.53149
       RestMass = 1.71465
       Radius   = 6.90336
       Circ Radius = 8.51979
       Surf Lapse  =  0.800304  0.800304  8.51979
rho_c = 0.00137701, P_c = 0.00024308, eps_c = 0.00152205
Scale = 100, Pressure Depletion = 1
finished odeint with kount = 4530, r = 8.48776, and P = 2.18592e-23
Found TOV solution for rho_c = 0.00137701
       Mass     = 1.57306
       RestMass = 1.76734
       Radius   = 6.82405
       Circ Radius = 8.48776
       Surf Lapse  =  0.793306  0.793306  8.48776
rho_c = 0.00142684, P_c = 0.000266533, eps_c = 0.00158633
Scale = 100, Pressure Depletion = 1
finished odeint with kount = 4518, r = 8.45335, and P = 1.71649e-22
Found TOV solution for rho_c = 0.00142684
       Mass     = 1.61343
       RestMass = 1.81896
       Radius   = 6.74342
       Circ Radius = 8.45335
       Surf Lapse  =  0.786305  0.786305  8.45335
rho_c = 0.00147847, P_c = 0.000292062, eps_c = 0.00165389
Scale = 100, Pressure Depletion = 1
finished odeint with kount = 4485, r = 8.41603, and P = 1.4062e-23
Found TOV solution for rho_c = 0.00147847
       Mass     = 1.65225
       RestMass = 1.86905
       Radius   = 6.66133
       Circ Radius = 8.41603
       Surf Lapse  =  0.779331  0.779331  8.41603
rho_c = 0.00153197, P_c = 0.000320104, eps_c = 0.00172481
Scale = 100, Pressure Depletion = 1
finished odeint with kount = 4482, r = 8.37546, and P = 4.21047e-23
Found TOV solution for rho_c = 0.00153197
       Mass     = 1.68976
       RestMass = 1.91789
       Radius   = 6.57716
       Circ Radius = 8.37546
       Surf Lapse  =  0.772332  0.772332  8.37546
rho_c = 0.0015874, P_c = 0.000350923, eps_c = 0.00179932
Scale = 100, Pressure Depletion = 1
finished odeint with kount = 4471, r = 8.33226, and P = 1.54438e-22
Found TOV solution for rho_c = 0.0015874
       Mass     = 1.72589
       RestMass = 1.96534
       Radius   = 6.49166
       Circ Radius = 8.33226
       Surf Lapse  =  0.765332  0.765332  8.33226
rho_c = 0.00164484, P_c = 0.000384441, eps_c = 0.00187777
Scale = 100, Pressure Depletion = 1
finished odeint with kount = 4424, r = 8.28746, and P = 1.89081e-22
Found TOV solution for rho_c = 0.00164484
       Mass     = 1.76016
       RestMass = 2.01077
       Radius   = 6.4064
       Circ Radius = 8.28746
       Surf Lapse  =  0.758435  0.758435  8.28746
rho_c = 0.00170436, P_c = 0.000421103, eps_c = 0.00196031
Scale = 100, Pressure Depletion = 1
finished odeint with kount = 4403, r = 8.23886, and P = 3.40099e-22
Found TOV solution for rho_c = 0.00170436
       Mass     = 1.79267
       RestMass = 2.05425
       Radius   = 6.31905
       Circ Radius = 8.23886
       Surf Lapse  =  0.751549  0.751549  8.23886
rho_c = 0.00176603, P_c = 0.000461375, eps_c = 0.00204721
Scale = 100, Pressure Depletion = 1
finished odeint with kount = 4384, r = 8.18757, and P = 2.62193e-22
Found TOV solution for rho_c = 0.00176603
       Mass     = 1.82347
       RestMass = 2.09583
       Radius   = 6.23068
       Circ Radius = 8.18757
       Surf Lapse  =  0.744698  0.744698  8.18757
rho_c = 0.00182994, P_c = 0.000505505, eps_c = 0.00213875
Scale = 100, Pressure Depletion = 1
finished odeint with kount = 4355, r = 8.13414, and P = 2.1266e-22
Found TOV solution for rho_c = 0.00182994
       Mass     = 1.85243
       RestMass = 2.13528
       Radius   = 6.14204
       Circ Radius = 8.13414
       Surf Lapse  =  0.737923  0.737923  8.13414
rho_c = 0.00189616, P_c = 0.000553443, eps_c = 0.00223533
Scale = 100, Pressure Depletion = 1
finished odeint with kount = 4339, r = 8.07855, and P = 5.42115e-22
Found TOV solution for rho_c = 0.00189616
       Mass     = 1.87923
       RestMass = 2.17213
       Radius   = 6.05347
       Circ Radius = 8.07855
       Surf Lapse  =  0.731272  0.731272  8.07855
rho_c = 0.00196477, P_c = 0.000606046, eps_c = 0.00233724
Scale = 100, Pressure Depletion = 1
finished odeint with kount = 4312, r = 8.02126, and P = 5.57665e-22
Found TOV solution for rho_c = 0.00196477
       Mass     = 1.90412
       RestMass = 2.20664
       Radius   = 5.96519
       Circ Radius = 8.02126
       Surf Lapse  =  0.724729  0.724729  8.02126
rho_c = 0.00203586, P_c = 0.000663759, eps_c = 0.00244474
Scale = 100, Pressure Depletion = 1
finished odeint with kount = 4278, r = 7.96122, and P = 3.89301e-22
Found TOV solution for rho_c = 0.00203586
       Mass     = 1.92702
       RestMass = 2.2387
       Radius   = 5.87621
       Circ Radius = 7.96122
       Surf Lapse  =  0.71826  0.71826  7.96122
rho_c = 0.00210953, P_c = 0.000726718, eps_c = 0.00255834
Scale = 100, Pressure Depletion = 1
finished odeint with kount = 4233, r = 7.89893, and P = 2.07041e-22
Found TOV solution for rho_c = 0.00210953
       Mass     = 1.94782
       RestMass = 2.26805
       Radius   = 5.78722
       Circ Radius = 7.89893
       Surf Lapse  =  0.71191  0.71191  7.89893
rho_c = 0.00218587, P_c = 0.000795397, eps_c = 0.00267854
Scale = 100, Pressure Depletion = 1
finished odeint with kount = 4219, r = 7.8363, and P = 6.46754e-22
Found TOV solution for rho_c = 0.00218587
       Mass     = 1.96647
       RestMass = 2.29463
       Radius   = 5.70022
       Circ Radius = 7.8363
       Surf Lapse  =  0.70577  0.70577  7.8363
rho_c = 0.00226496, P_c = 0.000870698, eps_c = 0.00280557
Scale = 100, Pressure Depletion = 1
finished odeint with kount = 4211, r = 7.77198, and P = 6.05594e-24
Found TOV solution for rho_c = 0.00226496
       Mass     = 1.9831
       RestMass = 2.31851
       Radius   = 5.61375
       Circ Radius = 7.77198
       Surf Lapse  =  0.699772  0.699772  7.77198
rho_c = 0.00234692, P_c = 0.000953309, eps_c = 0.00294003
Scale = 100, Pressure Depletion = 1
finished odeint with kount = 4163, r = 7.7044, and P = 5.99493e-22
Found TOV solution for rho_c = 0.00234692
       Mass     = 1.99769
       RestMass = 2.33965
       Radius   = 5.52617
       Circ Radius = 7.7044
       Surf Lapse  =  0.693841  0.693841  7.7044
rho_c = 0.00243185, P_c = 0.00104305, eps_c = 0.00308261
Scale = 100, Pressure Depletion = 1
finished odeint with kount = 4133, r = 7.63778, and P = 5.0964e-22
Found TOV solution for rho_c = 0.00243185
       Mass     = 2.01014
       RestMass = 2.35784
       Radius   = 5.44201
       Circ Radius = 7.63778
       Surf Lapse  =  0.688209  0.688209  7.63778
rho_c = 0.00251984, P_c = 0.00114128, eps_c = 0.00323368
Scale = 100, Pressure Depletion = 1
finished odeint with kount = 4105, r = 7.56801, and P = 9.3943e-22
Found TOV solution for rho_c = 0.00251984
       Mass     = 2.02059
       RestMass = 2.37322
       Radius   = 5.35688
       Circ Radius = 7.56801
       Surf Lapse  =  0.682655  0.682655  7.56801
rho_c = 0.00261102, P_c = 0.001249, eps_c = 0.00339394
Scale = 100, Pressure Depletion = 1
finished odeint with kount = 4056, r = 7.49757, and P = 7.79768e-22
Found TOV solution for rho_c = 0.00261102
       Mass     = 2.02907
       RestMass = 2.3858
       Radius   = 5.27332
       Circ Radius = 7.49757
       Surf Lapse  =  0.677303  0.677303  7.49757
rho_c = 0.0027055, P_c = 0.00136672, eps_c = 0.00356401
Scale = 100, Pressure Depletion = 1
finished odeint with kount = 4010, r = 7.42694, and P = 3.19272e-22
Found TOV solution for rho_c = 0.0027055
       Mass     = 2.0356
       RestMass = 2.39557
       Radius   = 5.19181
       Circ Radius = 7.42694
       Surf Lapse  =  0.672185  0.672185  7.42694
rho_c = 0.0028034, P_c = 0.00149482, eps_c = 0.00374478
Scale = 100, Pressure Depletion = 1
finished odeint with kount = 3998, r = 7.35574, and P = 1.12384e-21
Found TOV solution for rho_c = 0.0028034
       Mass     = 2.04023
       RestMass = 2.40253
       Radius   = 5.11195
       Circ Radius = 7.35574
       Surf Lapse  =  0.667285  0.667285  7.35574
rho_c = 0.00290485, P_c = 0.00163519, eps_c = 0.00393698
Scale = 100, Pressure Depletion = 1
finished odeint with kount = 3959, r = 7.28376, and P = 6.16941e-23
Found TOV solution for rho_c = 0.00290485
       Mass     = 2.04303
       RestMass = 2.40678
       Radius   = 5.03342
       Circ Radius = 7.28376
       Surf Lapse  =  0.662584  0.662584  7.28376
rho_c = 0.00300996, P_c = 0.00178894, eps_c = 0.00414128
Scale = 100, Pressure Depletion = 1
finished odeint with kount = 3920, r = 7.21117, and P = 1.25576e-21
Found TOV solution for rho_c = 0.00300996
       Mass     = 2.04407
       RestMass = 2.40835
       Radius   = 4.95635
       Circ Radius = 7.21117
       Surf Lapse  =  0.65809  0.65809  7.21117
rho_c = 0.00311887, P_c = 0.00195641, eps_c = 0.00435889
Scale = 100, Pressure Depletion = 1
finished odeint with kount = 3899, r = 7.1386, and P = 1.90226e-21
Found TOV solution for rho_c = 0.00311887
       Mass     = 2.04342
       RestMass = 2.40733
       Radius   = 4.88133
       Circ Radius = 7.1386
       Surf Lapse  =  0.653837  0.653837  7.1386
rho_c = 0.00323173, P_c = 0.00213925, eps_c = 0.00459079
Scale = 100, Pressure Depletion = 1
finished odeint with kount = 3876, r = 7.06596, and P = 5.23464e-22
Found TOV solution for rho_c = 0.00323173
       Mass     = 2.04115
       RestMass = 2.40381
       Radius   = 4.80818
       Circ Radius = 7.06596
       Surf Lapse  =  0.649814  0.649814  7.06596
rho_c = 0.00334867, P_c = 0.00233946, eps_c = 0.00483788
Scale = 100, Pressure Depletion = 1
finished odeint with kount = 3834, r = 6.99329, and P = 2.37841e-22
Found TOV solution for rho_c = 0.00334867
       Mass     = 2.03734
       RestMass = 2.39785
       Radius   = 4.73688
       Circ Radius = 6.99329
       Surf Lapse  =  0.646022  0.646022  6.99329
rho_c = 0.00346985, P_c = 0.00255865, eps_c = 0.00510151
Scale = 100, Pressure Depletion = 1
finished odeint with kount = 3807, r = 6.92121, and P = 1.57483e-21
Found TOV solution for rho_c = 0.00346985
       Mass     = 2.03206
       RestMass = 2.38956
       Radius   = 4.66801
       Circ Radius = 6.92121
       Surf Lapse  =  0.642498  0.642498  6.92121
rho_c = 0.0035954, P_c = 0.00279671, eps_c = 0.005383
Scale = 100, Pressure Depletion = 1
finished odeint with kount = 3766, r = 6.84859, and P = 2.01657e-21
Found TOV solution for rho_c = 0.0035954
       Mass     = 2.02544
       RestMass = 2.37912
       Radius   = 4.6002
       Circ Radius = 6.84859
       Surf Lapse  =  0.639147  0.639147  6.84859
rho_c = 0.0037255, P_c = 0.00305731, eps_c = 0.00568367
Scale = 100, Pressure Depletion = 1
finished odeint with kount = 3730, r = 6.77702, and P = 1.46751e-21
Found TOV solution for rho_c = 0.0037255
       Mass     = 2.01752
       RestMass = 2.36657
       Radius   = 4.53511
       Circ Radius = 6.77702
       Surf Lapse  =  0.636081  0.636081  6.77702
rho_c = 0.00386031, P_c = 0.00334258, eps_c = 0.00600516
Scale = 100, Pressure Depletion = 1
finished odeint with kount = 3719, r = 6.70582, and P = 2.03535e-21
Found TOV solution for rho_c = 0.00386031
       Mass     = 2.00838
       RestMass = 2.35201
       Radius   = 4.47194
       Circ Radius = 6.70582
       Surf Lapse  =  0.633248  0.633248  6.70582
rho_c = 0.004, P_c = 0.00365367, eps_c = 0.00634889
Scale = 100, Pressure Depletion = 1
finished odeint with kount = 3673, r = 6.63547, and P = 9.82109e-22
Found TOV solution for rho_c = 0.004
       Mass     = 1.99815
       RestMass = 2.33564
       Radius   = 4.41104
       Circ Radius = 6.63547
       Surf Lapse  =  0.630664  0.630664  6.63547
