rho_c = 0.0003, P_c = 3.62741e-06, eps_c = 0.000302067
Scale = 100, Pressure Depletion = 1
finished odeint with kount = 10229, r = 20, and P = 2.76147e-18
Found TOV solution for rho_c = 0.0003
       Mass     = 0.134176
       RestMass = 0.135791
       Radius   = 19.8656
       Circ Radius = 20
       Surf Lapse  =  0.993269  0.993269  20
rho_c = 0.000330563, P_c = 4.89844e-06, eps_c = 0.000333273
Scale = 100, Pressure Depletion = 1
finished odeint with kount = 10238, r = 20, and P = 1.43224e-18
Found TOV solution for rho_c = 0.000330563
       Mass     = 0.171228
       RestMass = 0.173795
       Radius   = 19.8284
       Circ Radius = 20
       Surf Lapse  =  0.991402  0.991402  20
rho_c = 0.000364239, P_c = 6.58016e-06, eps_c = 0.000367802
Scale = 100, Pressure Depletion = 1
finished odeint with kount = 10240, r = 20, and P = 4.18191e-19
Found TOV solution for rho_c = 0.000364239
       Mass     = 0.216159
       RestMass = 0.220148
       Radius   = 19.7833
       Circ Radius = 20
       Surf Lapse  =  0.989133  0.989133  20
rho_c = 0.000401346, P_c = 8.749e-06, eps_c = 0.000406058
Scale = 100, Pressure Depletion = 1
finished odeint with kount = 8324, r = 16.1765, and P = 6.38026e-24
Found TOV solution for rho_c = 0.000401346
       Mass     = 0.268687
       RestMass = 0.274702
       Radius   = 15.9066
       Circ Radius = 16.1765
       Surf Lapse  =  0.98325  0.98325  16.1765
rho_c = 0.000442234, P_c = 1.15247e-05, eps_c = 0.000448445
Scale = 100, Pressure Depletion = 1
finished odeint with kount = 7052, r = 13.6316, and P = 8.12244e-24
Found TOV solution for rho_c = 0.000442234
       Mass     = 0.328642
       RestMass = 0.337437
       Radius   = 13.301
       Circ Radius = 13.6316
       Surf Lapse  =  0.975593  0.975593  13.6316
rho_c = 0.000487287, P_c = 1.5133e-05, eps_c = 0.00049549
Scale = 100, Pressure Depletion = 1
finished odeint with kount = 6352, r = 12.1907, and P = 1.13179e-23
Found TOV solution for rho_c = 0.000487287
       Mass     = 0.397542
       RestMass = 0.41015
       Radius   = 11.7898
       Circ Radius = 12.1907
       Surf Lapse  =  0.96684  0.96684  12.1907
rho_c = 0.00053693, P_c = 1.98119e-05, eps_c = 0.00054773
Scale = 100, Pressure Depletion = 1
finished odeint with kount = 5468, r = 10.423, and P = 1.73017e-23
Found TOV solution for rho_c = 0.00053693
       Mass     = 0.475783
       RestMass = 0.49352
       Radius   = 9.94149
       Circ Radius = 10.423
       Surf Lapse  =  0.95326  0.95326  10.423
rho_c = 0.00059163, P_c = 2.58695e-05, eps_c = 0.000605852
Scale = 100, Pressure Depletion = 1
finished odeint with kount = 5578, r = 10.6425, and P = 6.17965e-24
Found TOV solution for rho_c = 0.00059163
       Mass     = 0.563552
       RestMass = 0.58807
       Radius   = 10.0711
       Circ Radius = 10.6425
       Surf Lapse  =  0.945566  0.945566  10.6425
rho_c = 0.000651903, P_c = 3.36955e-05, eps_c = 0.000670584
Scale = 100, Pressure Depletion = 1
finished odeint with kount = 5188, r = 9.89419, and P = 1.35808e-23
Found TOV solution for rho_c = 0.000651903
       Mass     = 0.660617
       RestMass = 0.69392
       Radius   = 9.22174
       Circ Radius = 9.89419
       Surf Lapse  =  0.93084  0.93084  9.89419
rho_c = 0.000718316, P_c = 4.37927e-05, eps_c = 0.000742837
Scale = 100, Pressure Depletion = 1
finished odeint with kount = 5119, r = 9.73271, and P = 1.87945e-23
Found TOV solution for rho_c = 0.000718316
       Mass     = 0.766406
       RestMass = 0.810873
       Radius   = 8.9499
       Circ Radius = 9.73271
       Surf Lapse  =  0.917883  0.917883  9.73271
rho_c = 0.000791495, P_c = 5.68011e-05, eps_c = 0.000823609
Scale = 100, Pressure Depletion = 1
finished odeint with kount = 5106, r = 9.7259, and P = 1.44681e-23
Found TOV solution for rho_c = 0.000791495
       Mass     = 0.879843
       RestMass = 0.938192
       Radius   = 8.82412
       Circ Radius = 9.7259
       Surf Lapse  =  0.905026  0.905026  9.7259
rho_c = 0.00087213, P_c = 7.3539e-05, eps_c = 0.00091411
Scale = 100, Pressure Depletion = 1
finished odeint with kount = 4987, r = 9.47679, and P = 2.41182e-23
Found TOV solution for rho_c = 0.00087213
       Mass     = 0.999386
       RestMass = 1.07462
       Radius   = 8.44785
       Circ Radius = 9.47679
       Surf Lapse  =  0.888306  0.888306  9.47679
rho_c = 0.000960979, P_c = 9.50517e-05, eps_c = 0.0010158
Scale = 100, Pressure Depletion = 1
finished odeint with kount = 4857, r = 9.21378, and P = 1.40217e-23
Found TOV solution for rho_c = 0.000960979
       Mass     = 1.12301
       RestMass = 1.21828
       Radius   = 8.05161
       Circ Radius = 9.21378
       Surf Lapse  =  0.869617  0.869617  9.21378
rho_c = 0.00105888, P_c = 0.000122672, eps_c = 0.00113026
Scale = 100, Pressure Depletion = 1
finished odeint with kount = 4831, r = 9.15051, and P = 1.00519e-22
Found TOV solution for rho_c = 0.00105888
       Mass     = 1.24827
       RestMass = 1.36675
       Radius   = 7.85263
       Circ Radius = 9.15051
       Surf Lapse  =  0.852742  0.852742  9.15051
rho_c = 0.00116675, P_c = 0.000158105, eps_c = 0.00125971
Scale = 100, Pressure Depletion = 1
finished odeint with kount = 4724, r = 8.94413, and P = 4.40446e-23
Found TOV solution for rho_c = 0.00116675
       Mass     = 1.37244
       RestMass = 1.51704
       Radius   = 7.50898
       Circ Radius = 8.94413
       Surf Lapse  =  0.832531  0.832531  8.94413
rho_c = 0.00128562, P_c = 0.000203511, eps_c = 0.00140621
Scale = 100, Pressure Depletion = 1
finished odeint with kount = 4669, r = 8.84116, and P = 3.64216e-23
Found TOV solution for rho_c = 0.00128562
       Mass     = 1.49258
       RestMass = 1.66573
       Radius   = 7.27199
       Circ Radius = 8.84116
       Surf Lapse  =  0.813852  0.813852  8.84116
rho_c = 0.00141659, P_c = 0.00026168, eps_c = 0.00157324
Scale = 100, Pressure Depletion = 1
finished odeint with kount = 4580, r = 8.68165, and P = 2.07691e-23
Found TOV solution for rho_c = 0.00141659
       Mass     = 1.60586
       RestMass = 1.80923
       Radius   = 6.98348
       Circ Radius = 8.68165
       Surf Lapse  =  0.793761  0.793761  8.68165
rho_c = 0.00156091, P_c = 0.000336099, eps_c = 0.00176361
Scale = 100, Pressure Depletion = 1
finished odeint with kount = 4528, r = 8.55526, and P = 6.26065e-24
Found TOV solution for rho_c = 0.00156091
       Mass     = 1.7095
       RestMass = 1.94372
       Radius   = 6.73732
       Circ Radius = 8.55526
       Surf Lapse  =  0.774831  0.774831  8.55526
rho_c = 0.00171993, P_c = 0.000431303, eps_c = 0.00198239
Scale = 100, Pressure Depletion = 1
finished odeint with kount = 4428, r = 8.35862, and P = 3.23767e-22
Found TOV solution for rho_c = 0.00171993
       Mass     = 1.80127
       RestMass = 2.06577
       Radius   = 6.43122
       Circ Radius = 8.35862
       Surf Lapse  =  0.754323  0.754323  8.35862
rho_c = 0.00189515, P_c = 0.000552951, eps_c = 0.00223404
Scale = 100, Pressure Depletion = 1
finished odeint with kount = 4362, r = 8.22994, and P = 1.68037e-22
Found TOV solution for rho_c = 0.00189515
       Mass     = 1.87929
       RestMass = 2.17214
       Radius   = 6.20843
       Circ Radius = 8.22994
       Surf Lapse  =  0.737091  0.737091  8.22994
rho_c = 0.00208822, P_c = 0.000708347, eps_c = 0.00252569
Scale = 100, Pressure Depletion = 1
finished odeint with kount = 4265, r = 8.03287, and P = 2.26409e-22
Found TOV solution for rho_c = 0.00208822
       Mass     = 1.94244
       RestMass = 2.26036
       Radius   = 5.9314
       Circ Radius = 8.03287
       Surf Lapse  =  0.718594  0.718594  8.03287
rho_c = 0.00230096, P_c = 0.000906705, eps_c = 0.0028648
Scale = 100, Pressure Depletion = 1
finished odeint with kount = 4158, r = 7.8376, and P = 3.89185e-22
Found TOV solution for rho_c = 0.00230096
       Mass     = 1.99013
       RestMass = 2.32858
       Radius   = 5.67293
       Circ Radius = 7.8376
       Surf Lapse  =  0.70154  0.70154  7.8376
rho_c = 0.00253537, P_c = 0.00115971, eps_c = 0.00326118
Scale = 100, Pressure Depletion = 1
finished odeint with kount = 4060, r = 7.60808, and P = 2.18568e-23
Found TOV solution for rho_c = 0.00253537
       Mass     = 2.02246
       RestMass = 2.37587
       Radius   = 5.39612
       Circ Radius = 7.60808
       Surf Lapse  =  0.684353  0.684353  7.60808
rho_c = 0.00279366, P_c = 0.00148237, eps_c = 0.00372764
Scale = 100, Pressure Depletion = 1
finished odeint with kount = 3944, r = 7.41985, and P = 7.74726e-22
Found TOV solution for rho_c = 0.00279366
       Mass     = 2.04005
       RestMass = 2.40214
       Radius   = 5.1789
       Circ Radius = 7.41985
       Surf Lapse  =  0.670902  0.670902  7.41985
rho_c = 0.00307827, P_c = 0.00189333, eps_c = 0.00427758
Scale = 100, Pressure Depletion = 1
finished odeint with kount = 3839, r = 7.19091, and P = 6.96238e-22
Found TOV solution for rho_c = 0.00307827
       Mass     = 2.04399
       RestMass = 2.40808
       Radius   = 4.93529
       Circ Radius = 7.19091
       Surf Lapse  =  0.656892  0.656892  7.19091
rho_c = 0.00339187, P_c = 0.00241691, eps_c = 0.00493287
Scale = 100, Pressure Depletion = 1
finished odeint with kount = 3740, r = 6.99116, and P = 1.13137e-21
Found TOV solution for rho_c = 0.00339187
       Mass     = 2.0357
       RestMass = 2.39512
       Radius   = 4.73674
       Circ Radius = 6.99116
       Surf Lapse  =  0.646248  0.646248  6.99116
rho_c = 0.00373742, P_c = 0.00308286, eps_c = 0.00571171
Scale = 100, Pressure Depletion = 1
finished odeint with kount = 3643, r = 6.78534, and P = 2.60958e-22
Found TOV solution for rho_c = 0.00373742
       Mass     = 2.0168
       RestMass = 2.36524
       Radius   = 4.54479
       Circ Radius = 6.78534
       Surf Lapse  =  0.636821  0.636821  6.78534
rho_c = 0.00411817, P_c = 0.0039305, eps_c = 0.00665163
Scale = 100, Pressure Depletion = 1
finished odeint with kount = 3559, r = 6.59925, and P = 1.19067e-21
Found TOV solution for rho_c = 0.00411817
       Mass     = 1.98902
       RestMass = 2.32081
       Radius   = 4.38466
       Circ Radius = 6.59925
       Surf Lapse  =  0.630236  0.630236  6.59925
rho_c = 0.00453772, P_c = 0.00500739, eps_c = 0.00777921
Scale = 100, Pressure Depletion = 1
finished odeint with kount = 3485, r = 6.41316, and P = 2.02513e-21
Found TOV solution for rho_c = 0.00453772
       Mass     = 1.95415
       RestMass = 2.26449
       Radius   = 4.23351
       Circ Radius = 6.41316
       Surf Lapse  =  0.624965  0.624965  6.41316
rho_c = 0.005, P_c = 0.00637625, eps_c = 0.00915149
Scale = 100, Pressure Depletion = 1
finished odeint with kount = 3382, r = 6.2258, and P = 4.54086e-21
Found TOV solution for rho_c = 0.005
       Mass     = 1.91385
       RestMass = 2.19897
       Radius   = 4.08795
       Circ Radius = 6.2258
       Surf Lapse  =  0.620635  0.620635  6.2258
