rho_c = 0.0006, P_c = 4.28843e-05, eps_c = 0.0006301
Scale = 100, Pressure Depletion = 1
finished odeint with kount = 5331, r = 10.1506, and P = 9.07355e-25
Found TOV solution for rho_c = 0.0006
       Mass     = 0.988368
       RestMass = 1.04265
       Radius   = 9.13551
       Circ Radius = 10.1506
       Surf Lapse  =  0.897362  0.897362  10.1506
rho_c = 0.000625279, P_c = 4.79046e-05, eps_c = 0.000658567
Scale = 100, Pressure Depletion = 1
finished odeint with kount = 5339, r = 10.1371, and P = 8.28249e-24
Found TOV solution for rho_c = 0.000625279
       Mass     = 1.04577
       RestMass = 1.10708
       Radius   = 9.06121
       Circ Radius = 10.1371
       Surf Lapse  =  0.890885  0.890885  10.1371
rho_c = 0.000651622, P_c = 5.34963e-05, eps_c = 0.000688464
Scale = 100, Pressure Depletion = 1
finished odeint with kount = 5340, r = 10.1229, and P = 1.47322e-23
Found TOV solution for rho_c = 0.000651622
       Mass     = 1.10432
       RestMass = 1.1733
       Radius   = 8.98465
       Circ Radius = 10.1229
       Surf Lapse  =  0.884205  0.884205  10.1229
rho_c = 0.000679076, P_c = 5.97922e-05, eps_c = 0.000719812
Scale = 100, Pressure Depletion = 1
finished odeint with kount = 5325, r = 10.1078, and P = 1.18302e-23
Found TOV solution for rho_c = 0.000679076
       Mass     = 1.16457
       RestMass = 1.24196
       Radius   = 8.90513
       Circ Radius = 10.1078
       Surf Lapse  =  0.877252  0.877252  10.1078
rho_c = 0.000707686, P_c = 6.67994e-05, eps_c = 0.000752769
Scale = 100, Pressure Depletion = 1
finished odeint with kount = 5318, r = 10.0906, and P = 5.46024e-23
Found TOV solution for rho_c = 0.000707686
       Mass     = 1.22569
       RestMass = 1.31219
       Radius   = 8.82234
       Circ Radius = 10.0906
       Surf Lapse  =  0.870093  0.870093  10.0906
rho_c = 0.000737501, P_c = 7.45573e-05, eps_c = 0.000787518
Scale = 100, Pressure Depletion = 1
finished odeint with kount = 5308, r = 10.0718, and P = 5.71013e-24
Found TOV solution for rho_c = 0.000737501
       Mass     = 1.28707
       RestMass = 1.38329
       Radius   = 8.73733
       Circ Radius = 10.0718
       Surf Lapse  =  0.862799  0.862799  10.0718
rho_c = 0.000768573, P_c = 8.32734e-05, eps_c = 0.000824006
Scale = 100, Pressure Depletion = 1
finished odeint with kount = 5305, r = 10.0503, and P = 1.93975e-24
Found TOV solution for rho_c = 0.000768573
       Mass     = 1.34939
       RestMass = 1.45612
       Radius   = 8.6483
       Circ Radius = 10.0503
       Surf Lapse  =  0.855262  0.855262  10.0503
rho_c = 0.000800954, P_c = 9.30128e-05, eps_c = 0.000862378
Scale = 100, Pressure Depletion = 1
finished odeint with kount = 5289, r = 10.0259, and P = 5.35281e-23
Found TOV solution for rho_c = 0.000800954
       Mass     = 1.41216
       RestMass = 1.53011
       Radius   = 8.5555
       Circ Radius = 10.0259
       Surf Lapse  =  0.847525  0.847525  10.0259
rho_c = 0.000834699, P_c = 0.000103555, eps_c = 0.000902889
Scale = 100, Pressure Depletion = 1
finished odeint with kount = 5283, r = 9.99927, and P = 2.65544e-23
Found TOV solution for rho_c = 0.000834699
       Mass     = 1.47305
       RestMass = 1.60257
       Radius   = 8.46211
       Circ Radius = 9.99927
       Surf Lapse  =  0.839862  0.839862  9.99927
rho_c = 0.000869865, P_c = 0.000115352, eps_c = 0.000945544
Scale = 100, Pressure Depletion = 1
finished odeint with kount = 5274, r = 9.96903, and P = 8.11522e-23
Found TOV solution for rho_c = 0.000869865
       Mass     = 1.53384
       RestMass = 1.67555
       Radius   = 8.36487
       Circ Radius = 9.96903
       Surf Lapse  =  0.832033  0.832033  9.96903
rho_c = 0.000906514, P_c = 0.000128564, eps_c = 0.000990418
Scale = 100, Pressure Depletion = 1
finished odeint with kount = 5250, r = 9.93461, and P = 1.15273e-23
Found TOV solution for rho_c = 0.000906514
       Mass     = 1.59435
       RestMass = 1.74891
       Radius   = 8.26335
       Circ Radius = 9.93461
       Surf Lapse  =  0.824033  0.824033  9.93461
rho_c = 0.000944706, P_c = 0.000142828, eps_c = 0.00103788
Scale = 100, Pressure Depletion = 1
finished odeint with kount = 5233, r = 9.89779, and P = 6.05754e-23
Found TOV solution for rho_c = 0.000944706
       Mass     = 1.65219
       RestMass = 1.81971
       Radius   = 8.16198
       Circ Radius = 9.89779
       Surf Lapse  =  0.816179  0.816179  9.89779
rho_c = 0.000984507, P_c = 0.000158572, eps_c = 0.00108797
Scale = 100, Pressure Depletion = 1
finished odeint with kount = 5227, r = 9.85734, and P = 7.42381e-23
Found TOV solution for rho_c = 0.000984507
       Mass     = 1.70833
       RestMass = 1.88908
       Radius   = 8.05847
       Circ Radius = 9.85734
       Surf Lapse  =  0.808325  0.808325  9.85734
rho_c = 0.00102599, P_c = 0.00017616, eps_c = 0.00114081
Scale = 100, Pressure Depletion = 1
finished odeint with kount = 5196, r = 9.81239, and P = 2.23029e-23
Found TOV solution for rho_c = 0.00102599
       Mass     = 1.76326
       RestMass = 1.95763
       Radius   = 7.95138
       Circ Radius = 9.81239
       Surf Lapse  =  0.800378  0.800378  9.81239
rho_c = 0.00106921, P_c = 0.000195246, eps_c = 0.00119664
Scale = 100, Pressure Depletion = 1
finished odeint with kount = 5179, r = 9.76453, and P = 8.05776e-23
Found TOV solution for rho_c = 0.00106921
       Mass     = 1.81529
       RestMass = 2.02321
       Radius   = 7.84422
       Circ Radius = 9.76453
       Surf Lapse  =  0.792583  0.792583  9.76453
rho_c = 0.00111426, P_c = 0.000215805, eps_c = 0.00125577
Scale = 100, Pressure Depletion = 1
finished odeint with kount = 5149, r = 9.71418, and P = 1.76791e-22
Found TOV solution for rho_c = 0.00111426
       Mass     = 1.86381
       RestMass = 2.08496
       Radius   = 7.73814
       Circ Radius = 9.71418
       Surf Lapse  =  0.785029  0.785029  9.71418
rho_c = 0.0011612, P_c = 0.000238623, eps_c = 0.00131825
Scale = 100, Pressure Depletion = 1
finished odeint with kount = 5121, r = 9.65947, and P = 4.08845e-24
Found TOV solution for rho_c = 0.0011612
       Mass     = 1.91021
       RestMass = 2.14458
       Radius   = 7.6297
       Circ Radius = 9.65947
       Surf Lapse  =  0.77749  0.77749  9.65947
rho_c = 0.00121013, P_c = 0.000263734, eps_c = 0.00138433
Scale = 100, Pressure Depletion = 1
finished odeint with kount = 5080, r = 9.60113, and P = 1.63539e-23
Found TOV solution for rho_c = 0.00121013
       Mass     = 1.954
       RestMass = 2.20139
       Radius   = 7.5202
       Circ Radius = 9.60113
       Surf Lapse  =  0.770042  0.770042  9.60113
rho_c = 0.00126111, P_c = 0.000289982, eps_c = 0.00145427
Scale = 100, Pressure Depletion = 1
finished odeint with kount = 5064, r = 9.5422, and P = 1.03618e-22
Found TOV solution for rho_c = 0.00126111
       Mass     = 1.99298
       RestMass = 2.25244
       Radius   = 7.41532
       Circ Radius = 9.5422
       Surf Lapse  =  0.763074  0.763074  9.5422
rho_c = 0.00131424, P_c = 0.000318955, eps_c = 0.00152834
Scale = 100, Pressure Depletion = 1
finished odeint with kount = 5035, r = 9.47978, and P = 1.11232e-22
Found TOV solution for rho_c = 0.00131424
       Mass     = 2.02935
       RestMass = 2.30051
       Radius   = 7.30958
       Circ Radius = 9.47978
       Surf Lapse  =  0.756212  0.756212  9.47978
rho_c = 0.00136961, P_c = 0.000350923, eps_c = 0.00160684
Scale = 100, Pressure Depletion = 1
finished odeint with kount = 5007, r = 9.41382, and P = 2.43617e-22
Found TOV solution for rho_c = 0.00136961
       Mass     = 2.06305
       RestMass = 2.34544
       Radius   = 7.20305
       Circ Radius = 9.41382
       Surf Lapse  =  0.749465  0.749465  9.41382
rho_c = 0.00142731, P_c = 0.00038417, eps_c = 0.00168991
Scale = 100, Pressure Depletion = 1
finished odeint with kount = 4976, r = 9.3482, and P = 2.24842e-22
Found TOV solution for rho_c = 0.00142731
       Mass     = 2.09227
       RestMass = 2.38476
       Radius   = 7.10182
       Circ Radius = 9.3482
       Surf Lapse  =  0.743215  0.743215  9.3482
rho_c = 0.00148745, P_c = 0.000420217, eps_c = 0.00177806
Scale = 100, Pressure Depletion = 1
finished odeint with kount = 4942, r = 9.28051, and P = 3.49663e-22
Found TOV solution for rho_c = 0.00148745
       Mass     = 2.11838
       RestMass = 2.42017
       Radius   = 7.0019
       Circ Radius = 9.28051
       Surf Lapse  =  0.737209  0.737209  9.28051
rho_c = 0.00155012, P_c = 0.000459733, eps_c = 0.00187162
Scale = 100, Pressure Depletion = 1
finished odeint with kount = 4913, r = 9.20996, and P = 2.61528e-22
Found TOV solution for rho_c = 0.00155012
       Mass     = 2.14171
       RestMass = 2.45206
       Radius   = 6.90211
       Circ Radius = 9.20996
       Surf Lapse  =  0.731379  0.731379  9.20996
rho_c = 0.00161542, P_c = 0.000501552, eps_c = 0.00197067
Scale = 100, Pressure Depletion = 1
finished odeint with kount = 4876, r = 9.13922, and P = 2.72692e-22
Found TOV solution for rho_c = 0.00161542
       Mass     = 2.16161
       RestMass = 2.47949
       Radius   = 6.80597
       Circ Radius = 9.13922
       Surf Lapse  =  0.72592  0.72592  9.13922
rho_c = 0.00168348, P_c = 0.000545728, eps_c = 0.00207559
Scale = 100, Pressure Depletion = 1
finished odeint with kount = 4835, r = 9.06852, and P = 1.81863e-22
Found TOV solution for rho_c = 0.00168348
       Mass     = 2.17823
       RestMass = 2.50256
       Radius   = 6.7136
       Circ Radius = 9.06852
       Surf Lapse  =  0.720837  0.720837  9.06852
rho_c = 0.00175441, P_c = 0.000593865, eps_c = 0.00218706
Scale = 100, Pressure Depletion = 1
finished odeint with kount = 4804, r = 8.99565, and P = 5.61451e-22
Found TOV solution for rho_c = 0.00175441
       Mass     = 2.19225
       RestMass = 2.52215
       Radius   = 6.62196
       Circ Radius = 8.99565
       Surf Lapse  =  0.71596  0.71596  8.99565
rho_c = 0.00182833, P_c = 0.000645625, eps_c = 0.00230546
Scale = 100, Pressure Depletion = 1
finished odeint with kount = 4764, r = 8.92198, and P = 2.12931e-22
Found TOV solution for rho_c = 0.00182833
       Mass     = 2.20358
       RestMass = 2.5381
       Radius   = 6.53257
       Circ Radius = 8.92198
       Surf Lapse  =  0.71136  0.71136  8.92198
rho_c = 0.00190535, P_c = 0.00069917, eps_c = 0.00243061
Scale = 100, Pressure Depletion = 1
finished odeint with kount = 4729, r = 8.85035, and P = 3.8323e-22
Found TOV solution for rho_c = 0.00190535
       Mass     = 2.21204
       RestMass = 2.55007
       Radius   = 6.44861
       Circ Radius = 8.85035
       Surf Lapse  =  0.707194  0.707194  8.85035
rho_c = 0.00198563, P_c = 0.000757157, eps_c = 0.00256369
Scale = 100, Pressure Depletion = 1
finished odeint with kount = 4708, r = 8.77736, and P = 2.28837e-22
Found TOV solution for rho_c = 0.00198563
       Mass     = 2.2182
       RestMass = 2.55885
       Radius   = 6.36592
       Circ Radius = 8.77736
       Surf Lapse  =  0.703251  0.703251  8.77736
rho_c = 0.00206929, P_c = 0.000820019, eps_c = 0.00270538
Scale = 100, Pressure Depletion = 1
finished odeint with kount = 4665, r = 8.70321, and P = 2.53624e-23
Found TOV solution for rho_c = 0.00206929
       Mass     = 2.22215
       RestMass = 2.56452
       Radius   = 6.28463
       Circ Radius = 8.70321
       Surf Lapse  =  0.699534  0.699534  8.70321
rho_c = 0.00215647, P_c = 0.000884607, eps_c = 0.00285477
Scale = 100, Pressure Depletion = 1
finished odeint with kount = 4635, r = 8.63188, and P = 3.85786e-23
Found TOV solution for rho_c = 0.00215647
       Mass     = 2.22391
       RestMass = 2.56705
       Radius   = 6.20882
       Circ Radius = 8.63188
       Surf Lapse  =  0.696219  0.696219  8.63188
rho_c = 0.00224732, P_c = 0.000953792, eps_c = 0.00301354
Scale = 100, Pressure Depletion = 1
finished odeint with kount = 4609, r = 8.56029, and P = 6.35503e-22
Found TOV solution for rho_c = 0.00224732
       Mass     = 2.22375
       RestMass = 2.56682
       Radius   = 6.13503
       Circ Radius = 8.56029
       Surf Lapse  =  0.693145  0.693145  8.56029
rho_c = 0.002342, P_c = 0.00102851, eps_c = 0.00318271
Scale = 100, Pressure Depletion = 1
finished odeint with kount = 4583, r = 8.48838, and P = 9.55977e-22
Found TOV solution for rho_c = 0.002342
       Mass     = 2.22176
       RestMass = 2.56393
       Radius   = 6.06309
       Circ Radius = 8.48838
       Surf Lapse  =  0.690303  0.690303  8.48838
rho_c = 0.00244067, P_c = 0.00110676, eps_c = 0.00336159
Scale = 100, Pressure Depletion = 1
finished odeint with kount = 4546, r = 8.41765, and P = 8.39536e-22
Found TOV solution for rho_c = 0.00244067
       Mass     = 2.21814
       RestMass = 2.55868
       Radius   = 5.99431
       Circ Radius = 8.41765
       Surf Lapse  =  0.687734  0.687734  8.41765
rho_c = 0.0025435, P_c = 0.00118914, eps_c = 0.0035511
Scale = 100, Pressure Depletion = 1
finished odeint with kount = 4531, r = 8.34841, and P = 5.21755e-22
Found TOV solution for rho_c = 0.0025435
       Mass     = 2.21306
       RestMass = 2.55125
       Radius   = 5.92883
       Circ Radius = 8.34841
       Surf Lapse  =  0.685438  0.685438  8.34841
rho_c = 0.00265066, P_c = 0.0012778, eps_c = 0.00375312
Scale = 100, Pressure Depletion = 1
finished odeint with kount = 4471, r = 8.27897, and P = 8.71149e-22
Found TOV solution for rho_c = 0.00265066
       Mass     = 2.20651
       RestMass = 2.54164
       Radius   = 5.86493
       Circ Radius = 8.27897
       Surf Lapse  =  0.683346  0.683346  8.27897
rho_c = 0.00276234, P_c = 0.00137185, eps_c = 0.00396751
Scale = 100, Pressure Depletion = 1
finished odeint with kount = 4456, r = 8.21042, and P = 5.91072e-23
Found TOV solution for rho_c = 0.00276234
       Mass     = 2.19867
       RestMass = 2.53013
       Radius   = 5.8035
       Circ Radius = 8.21042
       Surf Lapse  =  0.681482  0.681482  8.21042
rho_c = 0.00287872, P_c = 0.00146918, eps_c = 0.00419346
Scale = 100, Pressure Depletion = 1
finished odeint with kount = 4432, r = 8.14448, and P = 5.8228e-22
Found TOV solution for rho_c = 0.00287872
       Mass     = 2.18991
       RestMass = 2.51721
       Radius   = 5.74591
       Circ Radius = 8.14448
       Surf Lapse  =  0.679878  0.679878  8.14448
rho_c = 0.003, P_c = 0.00157358, eps_c = 0.0044343
Scale = 100, Pressure Depletion = 1
finished odeint with kount = 4395, r = 8.07878, and P = 1.20774e-21
Found TOV solution for rho_c = 0.003
       Mass     = 2.18001
       RestMass = 2.50258
       Radius   = 5.68995
       Circ Radius = 8.07878
       Surf Lapse  =  0.678462  0.678462  8.07878
