rho_c = 0.00075, P_c = 7.79857e-05, eps_c = 0.000802164
Scale = 100, Pressure Depletion = 1
finished odeint with kount = 5302, r = 10.063, and P = 2.27752e-20
Found TOV solution for rho_c = 0.00075
       Mass     = 1.31235
       RestMass = 1.41276
       Radius   = 8.7012
       Circ Radius = 10.063
       Surf Lapse  =  0.859752  0.859752  10.063
rho_c = 0.000751481, P_c = 7.83992e-05, eps_c = 0.000803904
Scale = 100, Pressure Depletion = 1
finished odeint with kount = 5312, r = 10.0614, and P = 3.5015e-20
Found TOV solution for rho_c = 0.000751481
       Mass     = 1.31533
       RestMass = 1.41624
       Radius   = 8.69633
       Circ Radius = 10.0614
       Surf Lapse  =  0.859383  0.859383  10.0614
rho_c = 0.000752966, P_c = 7.88148e-05, eps_c = 0.000805647
Scale = 100, Pressure Depletion = 1
finished odeint with kount = 5302, r = 10.0601, and P = 6.31398e-20
Found TOV solution for rho_c = 0.000752966
       Mass     = 1.31831
       RestMass = 1.41972
       Radius   = 8.69185
       Circ Radius = 10.0601
       Surf Lapse  =  0.85902  0.85902  10.0601
rho_c = 0.000754453, P_c = 7.92326e-05, eps_c = 0.000807393
Scale = 100, Pressure Depletion = 1
finished odeint with kount = 5306, r = 10.0597, and P = 4.48689e-22
Found TOV solution for rho_c = 0.000754453
       Mass     = 1.32129
       RestMass = 1.4232
       Radius   = 8.68814
       Circ Radius = 10.0597
       Surf Lapse  =  0.858667  0.858667  10.0597
rho_c = 0.000755944, P_c = 7.96525e-05, eps_c = 0.000809144
Scale = 100, Pressure Depletion = 1
finished odeint with kount = 5309, r = 10.0585, and P = 2.01968e-20
Found TOV solution for rho_c = 0.000755944
       Mass     = 1.32427
       RestMass = 1.42669
       Radius   = 8.6837
       Circ Radius = 10.0585
       Surf Lapse  =  0.858304  0.858304  10.0585
rho_c = 0.000757437, P_c = 8.00745e-05, eps_c = 0.000810898
Scale = 100, Pressure Depletion = 1
finished odeint with kount = 5303, r = 10.0574, and P = 2.65538e-20
Found TOV solution for rho_c = 0.000757437
       Mass     = 1.32725
       RestMass = 1.43018
       Radius   = 8.67936
       Circ Radius = 10.0574
       Surf Lapse  =  0.857941  0.857941  10.0574
rho_c = 0.000758933, P_c = 8.0499e-05, eps_c = 0.000812657
Scale = 100, Pressure Depletion = 1
finished odeint with kount = 5295, r = 10.0562, and P = 4.1521e-20
Found TOV solution for rho_c = 0.000758933
       Mass     = 1.33024
       RestMass = 1.43367
       Radius   = 8.67497
       Circ Radius = 10.0562
       Surf Lapse  =  0.857578  0.857578  10.0562
rho_c = 0.000760432, P_c = 8.09268e-05, eps_c = 0.000814421
Scale = 100, Pressure Depletion = 1
finished odeint with kount = 5297, r = 10.0552, and P = 2.64022e-20
Found TOV solution for rho_c = 0.000760432
       Mass     = 1.33323
       RestMass = 1.43717
       Radius   = 8.67068
       Circ Radius = 10.0552
       Surf Lapse  =  0.857215  0.857215  10.0552
rho_c = 0.000761934, P_c = 8.13567e-05, eps_c = 0.000816189
Scale = 100, Pressure Depletion = 1
finished odeint with kount = 5306, r = 10.0542, and P = 2.66666e-20
Found TOV solution for rho_c = 0.000761934
       Mass     = 1.33622
       RestMass = 1.44068
       Radius   = 8.66646
       Circ Radius = 10.0542
       Surf Lapse  =  0.856852  0.856852  10.0542
rho_c = 0.000763439, P_c = 8.17889e-05, eps_c = 0.000817961
Scale = 100, Pressure Depletion = 1
finished odeint with kount = 5302, r = 10.0533, and P = 1.42583e-20
Found TOV solution for rho_c = 0.000763439
       Mass     = 1.33922
       RestMass = 1.44419
       Radius   = 8.66231
       Circ Radius = 10.0533
       Surf Lapse  =  0.856491  0.856491  10.0533
rho_c = 0.000764947, P_c = 8.22233e-05, eps_c = 0.000819736
Scale = 100, Pressure Depletion = 1
finished odeint with kount = 5319, r = 10.0521, and P = 2.28185e-20
Found TOV solution for rho_c = 0.000764947
       Mass     = 1.34221
       RestMass = 1.4477
       Radius   = 8.65787
       Circ Radius = 10.0521
       Surf Lapse  =  0.856124  0.856124  10.0521
rho_c = 0.000766458, P_c = 8.26599e-05, eps_c = 0.000821516
Scale = 100, Pressure Depletion = 1
finished odeint with kount = 5292, r = 10.0515, and P = 1.97602e-20
Found TOV solution for rho_c = 0.000766458
       Mass     = 1.34521
       RestMass = 1.45121
       Radius   = 8.65404
       Circ Radius = 10.0515
       Surf Lapse  =  0.855767  0.855767  10.0515
rho_c = 0.000767972, P_c = 8.30988e-05, eps_c = 0.000823299
Scale = 100, Pressure Depletion = 1
finished odeint with kount = 5305, r = 10.0498, and P = 3.79784e-20
Found TOV solution for rho_c = 0.000767972
       Mass     = 1.3482
       RestMass = 1.45472
       Radius   = 8.64906
       Circ Radius = 10.0498
       Surf Lapse  =  0.855392  0.855392  10.0498
rho_c = 0.000769489, P_c = 8.354e-05, eps_c = 0.000825086
Scale = 100, Pressure Depletion = 1
finished odeint with kount = 5298, r = 10.0484, and P = 8.11512e-20
Found TOV solution for rho_c = 0.000769489
       Mass     = 1.3512
       RestMass = 1.45824
       Radius   = 8.64444
       Circ Radius = 10.0484
       Surf Lapse  =  0.855022  0.855022  10.0484
rho_c = 0.000771009, P_c = 8.39845e-05, eps_c = 0.000826879
Scale = 100, Pressure Depletion = 1
finished odeint with kount = 5290, r = 10.0477, and P = 2.71407e-20
Found TOV solution for rho_c = 0.000771009
       Mass     = 1.3542
       RestMass = 1.46177
       Radius   = 8.64044
       Circ Radius = 10.0477
       Surf Lapse  =  0.854661  0.854661  10.0477
rho_c = 0.000772532, P_c = 8.44318e-05, eps_c = 0.000828677
Scale = 100, Pressure Depletion = 1
finished odeint with kount = 5308, r = 10.0464, and P = 3.57146e-20
Found TOV solution for rho_c = 0.000772532
       Mass     = 1.35721
       RestMass = 1.4653
       Radius   = 8.63585
       Circ Radius = 10.0464
       Surf Lapse  =  0.85429  0.85429  10.0464
rho_c = 0.000774058, P_c = 8.48815e-05, eps_c = 0.000830479
Scale = 100, Pressure Depletion = 1
finished odeint with kount = 5294, r = 10.0453, and P = 4.34507e-20
Found TOV solution for rho_c = 0.000774058
       Mass     = 1.36022
       RestMass = 1.46884
       Radius   = 8.63154
       Circ Radius = 10.0453
       Surf Lapse  =  0.853923  0.853923  10.0453
rho_c = 0.000775587, P_c = 8.53335e-05, eps_c = 0.000832284
Scale = 100, Pressure Depletion = 1
finished odeint with kount = 5302, r = 10.0442, and P = 3.56483e-20
Found TOV solution for rho_c = 0.000775587
       Mass     = 1.36323
       RestMass = 1.47237
       Radius   = 8.62708
       Circ Radius = 10.0442
       Surf Lapse  =  0.853553  0.853553  10.0442
rho_c = 0.000777119, P_c = 8.57878e-05, eps_c = 0.000834094
Scale = 100, Pressure Depletion = 1
finished odeint with kount = 5285, r = 10.0433, and P = 2.08673e-20
Found TOV solution for rho_c = 0.000777119
       Mass     = 1.36624
       RestMass = 1.47591
       Radius   = 8.62293
       Circ Radius = 10.0433
       Surf Lapse  =  0.853188  0.853188  10.0433
rho_c = 0.000778654, P_c = 8.62445e-05, eps_c = 0.000835908
Scale = 100, Pressure Depletion = 1
finished odeint with kount = 5300, r = 10.042, and P = 2.18519e-20
Found TOV solution for rho_c = 0.000778654
       Mass     = 1.36925
       RestMass = 1.47945
       Radius   = 8.61837
       Circ Radius = 10.042
       Surf Lapse  =  0.852816  0.852816  10.042
rho_c = 0.000780192, P_c = 8.67035e-05, eps_c = 0.000837725
Scale = 100, Pressure Depletion = 1
finished odeint with kount = 5293, r = 10.041, and P = 1.5709e-20
Found TOV solution for rho_c = 0.000780192
       Mass     = 1.37226
       RestMass = 1.483
       Radius   = 8.61414
       Circ Radius = 10.041
       Surf Lapse  =  0.85245  0.85245  10.041
rho_c = 0.000781733, P_c = 8.7165e-05, eps_c = 0.000839547
Scale = 100, Pressure Depletion = 1
finished odeint with kount = 5300, r = 10.0398, and P = 1.98047e-20
Found TOV solution for rho_c = 0.000781733
       Mass     = 1.37527
       RestMass = 1.48654
       Radius   = 8.60966
       Circ Radius = 10.0398
       Surf Lapse  =  0.852078  0.852078  10.0398
rho_c = 0.000783278, P_c = 8.76304e-05, eps_c = 0.000841376
Scale = 100, Pressure Depletion = 1
finished odeint with kount = 5282, r = 10.0384, and P = 1.58226e-20
Found TOV solution for rho_c = 0.000783278
       Mass     = 1.37829
       RestMass = 1.4901
       Radius   = 8.60495
       Circ Radius = 10.0384
       Surf Lapse  =  0.851702  0.851702  10.0384
rho_c = 0.000784825, P_c = 8.80982e-05, eps_c = 0.000843209
Scale = 100, Pressure Depletion = 1
finished odeint with kount = 5282, r = 10.0374, and P = 3.80221e-20
Found TOV solution for rho_c = 0.000784825
       Mass     = 1.38131
       RestMass = 1.49367
       Radius   = 8.6006
       Circ Radius = 10.0374
       Surf Lapse  =  0.851332  0.851332  10.0374
rho_c = 0.000786375, P_c = 8.85684e-05, eps_c = 0.000845046
Scale = 100, Pressure Depletion = 1
finished odeint with kount = 5295, r = 10.0363, and P = 6.64457e-20
Found TOV solution for rho_c = 0.000786375
       Mass     = 1.38434
       RestMass = 1.49723
       Radius   = 8.5962
       Circ Radius = 10.0363
       Surf Lapse  =  0.85096  0.85096  10.0363
rho_c = 0.000787928, P_c = 8.90411e-05, eps_c = 0.000846887
Scale = 100, Pressure Depletion = 1
finished odeint with kount = 5271, r = 10.035, and P = 3.60719e-20
Found TOV solution for rho_c = 0.000787928
       Mass     = 1.38736
       RestMass = 1.5008
       Radius   = 8.59166
       Circ Radius = 10.035
       Surf Lapse  =  0.850586  0.850586  10.035
rho_c = 0.000789485, P_c = 8.95162e-05, eps_c = 0.000848732
Scale = 100, Pressure Depletion = 1
finished odeint with kount = 5293, r = 10.034, and P = 2.18976e-20
Found TOV solution for rho_c = 0.000789485
       Mass     = 1.39038
       RestMass = 1.50436
       Radius   = 8.5873
       Circ Radius = 10.034
       Surf Lapse  =  0.850215  0.850215  10.034
rho_c = 0.000791044, P_c = 8.99938e-05, eps_c = 0.000850581
Scale = 100, Pressure Depletion = 1
finished odeint with kount = 5289, r = 10.0326, and P = 2.94725e-20
Found TOV solution for rho_c = 0.000791044
       Mass     = 1.3934
       RestMass = 1.50793
       Radius   = 8.5826
       Circ Radius = 10.0326
       Surf Lapse  =  0.849838  0.849838  10.0326
rho_c = 0.000792607, P_c = 9.04739e-05, eps_c = 0.000852434
Scale = 100, Pressure Depletion = 1
finished odeint with kount = 5288, r = 10.0314, and P = 2.87002e-20
Found TOV solution for rho_c = 0.000792607
       Mass     = 1.39643
       RestMass = 1.5115
       Radius   = 8.57811
       Circ Radius = 10.0314
       Surf Lapse  =  0.849463  0.849463  10.0314
rho_c = 0.000794172, P_c = 9.09514e-05, eps_c = 0.000854295
Scale = 100, Pressure Depletion = 1
finished odeint with kount = 5282, r = 10.0304, and P = 1.81717e-20
Found TOV solution for rho_c = 0.000794172
       Mass     = 1.39942
       RestMass = 1.51504
       Radius   = 8.5739
       Circ Radius = 10.0304
       Surf Lapse  =  0.849097  0.849097  10.0304
rho_c = 0.000795741, P_c = 9.14258e-05, eps_c = 0.000856164
Scale = 100, Pressure Depletion = 1
finished odeint with kount = 5281, r = 10.0288, and P = 8.16107e-20
Found TOV solution for rho_c = 0.000795741
       Mass     = 1.40238
       RestMass = 1.51854
       Radius   = 8.56903
       Circ Radius = 10.0288
       Surf Lapse  =  0.848723  0.848723  10.0288
rho_c = 0.000797313, P_c = 9.19026e-05, eps_c = 0.000858038
Scale = 100, Pressure Depletion = 1
finished odeint with kount = 5281, r = 10.0277, and P = 4.85759e-20
Found TOV solution for rho_c = 0.000797313
       Mass     = 1.40533
       RestMass = 1.52204
       Radius   = 8.56471
       Circ Radius = 10.0277
       Surf Lapse  =  0.848357  0.848357  10.0277
rho_c = 0.000798888, P_c = 9.23819e-05, eps_c = 0.000859915
Scale = 100, Pressure Depletion = 1
finished odeint with kount = 5300, r = 10.0264, and P = 7.89993e-20
Found TOV solution for rho_c = 0.000798888
       Mass     = 1.40829
       RestMass = 1.52553
       Radius   = 8.56018
       Circ Radius = 10.0264
       Surf Lapse  =  0.847988  0.847988  10.0264
rho_c = 0.000800466, P_c = 9.28636e-05, eps_c = 0.000861797
Scale = 100, Pressure Depletion = 1
finished odeint with kount = 5285, r = 10.0252, and P = 6.39589e-20
Found TOV solution for rho_c = 0.000800466
       Mass     = 1.41124
       RestMass = 1.52903
       Radius   = 8.55578
       Circ Radius = 10.0252
       Surf Lapse  =  0.847621  0.847621  10.0252
rho_c = 0.000802047, P_c = 9.33477e-05, eps_c = 0.000863682
Scale = 100, Pressure Depletion = 1
finished odeint with kount = 5285, r = 10.024, and P = 5.08752e-20
Found TOV solution for rho_c = 0.000802047
       Mass     = 1.4142
       RestMass = 1.53253
       Radius   = 8.55137
       Circ Radius = 10.024
       Surf Lapse  =  0.847253  0.847253  10.024
rho_c = 0.000803631, P_c = 9.38343e-05, eps_c = 0.000865572
Scale = 100, Pressure Depletion = 1
finished odeint with kount = 5290, r = 10.0236, and P = 1.99158e-20
Found TOV solution for rho_c = 0.000803631
       Mass     = 1.41715
       RestMass = 1.53604
       Radius   = 8.54775
       Circ Radius = 10.0236
       Surf Lapse  =  0.846899  0.846899  10.0236
rho_c = 0.000805219, P_c = 9.43234e-05, eps_c = 0.000867466
Scale = 100, Pressure Depletion = 1
finished odeint with kount = 5293, r = 10.0219, and P = 2.4152e-20
Found TOV solution for rho_c = 0.000805219
       Mass     = 1.42011
       RestMass = 1.53954
       Radius   = 8.54276
       Circ Radius = 10.0219
       Surf Lapse  =  0.846521  0.846521  10.0219
rho_c = 0.000806809, P_c = 9.4808e-05, eps_c = 0.000869371
Scale = 100, Pressure Depletion = 1
finished odeint with kount = 5289, r = 10.0205, and P = 4.95116e-20
Found TOV solution for rho_c = 0.000806809
       Mass     = 1.42302
       RestMass = 1.54299
       Radius   = 8.53819
       Circ Radius = 10.0205
       Surf Lapse  =  0.846155  0.846155  10.0205
rho_c = 0.000808403, P_c = 9.52943e-05, eps_c = 0.00087128
Scale = 100, Pressure Depletion = 1
finished odeint with kount = 5288, r = 10.0193, and P = 3.6002e-20
Found TOV solution for rho_c = 0.000808403
       Mass     = 1.42593
       RestMass = 1.54644
       Radius   = 8.53386
       Circ Radius = 10.0193
       Surf Lapse  =  0.845793  0.845793  10.0193
rho_c = 0.00081, P_c = 9.5783e-05, eps_c = 0.000873194
Scale = 100, Pressure Depletion = 1
finished odeint with kount = 5297, r = 10.018, and P = 3.62894e-20
Found TOV solution for rho_c = 0.00081
       Mass     = 1.42883
       RestMass = 1.54989
       Radius   = 8.52928
       Circ Radius = 10.018
       Surf Lapse  =  0.845426  0.845426  10.018
