rho_c = 0.0006, P_c = 4.28842e-05, eps_c = 0.0006301
Scale = 100, Pressure Depletion = 1
finished odeint with kount = 6038, r = 11.554, and P = 3.21611e-23
Found TOV solution for rho_c = 0.0006
       Mass     = 0.988366
       RestMass = 1.04265
       Radius   = 10.5424
       Circ Radius = 11.554
       Surf Lapse  =  0.910447  0.910447  11.554
rho_c = 0.000625279, P_c = 4.79045e-05, eps_c = 0.000658567
Scale = 100, Pressure Depletion = 1
finished odeint with kount = 5985, r = 11.4279, and P = 1.86538e-23
Found TOV solution for rho_c = 0.000625279
       Mass     = 1.04576
       RestMass = 1.10708
       Radius   = 10.3557
       Circ Radius = 11.4279
       Surf Lapse  =  0.90387  0.90387  11.4279
rho_c = 0.000651622, P_c = 5.34962e-05, eps_c = 0.000688464
Scale = 100, Pressure Depletion = 1
finished odeint with kount = 5937, r = 11.2966, and P = 1.986e-23
Found TOV solution for rho_c = 0.000651622
       Mass     = 1.10431
       RestMass = 1.1733
       Radius   = 10.1623
       Circ Radius = 11.2966
       Surf Lapse  =  0.896932  0.896932  11.2966
rho_c = 0.000679076, P_c = 5.97922e-05, eps_c = 0.000719812
Scale = 100, Pressure Depletion = 1
finished odeint with kount = 5808, r = 11.0832, and P = 1.76357e-23
Found TOV solution for rho_c = 0.000679076
       Mass     = 1.16456
       RestMass = 1.24196
       Radius   = 9.88436
       Circ Radius = 11.0832
       Surf Lapse  =  0.888736  0.888736  11.0832
rho_c = 0.000707686, P_c = 6.67994e-05, eps_c = 0.000752769
Scale = 100, Pressure Depletion = 1
finished odeint with kount = 5745, r = 10.9793, and P = 1.72233e-23
Found TOV solution for rho_c = 0.000707686
       Mass     = 1.22569
       RestMass = 1.31219
       Radius   = 9.71491
       Circ Radius = 10.9793
       Surf Lapse  =  0.881321  0.881321  10.9793
rho_c = 0.000737501, P_c = 7.45573e-05, eps_c = 0.000787518
Scale = 100, Pressure Depletion = 1
finished odeint with kount = 5686, r = 10.825, and P = 2.136e-23
Found TOV solution for rho_c = 0.000737501
       Mass     = 1.28706
       RestMass = 1.38329
       Radius   = 9.49428
       Circ Radius = 10.825
       Surf Lapse  =  0.873043  0.873043  10.825
rho_c = 0.000768573, P_c = 8.32734e-05, eps_c = 0.000824007
Scale = 100, Pressure Depletion = 1
finished odeint with kount = 5630, r = 10.7254, and P = 3.43431e-23
Found TOV solution for rho_c = 0.000768573
       Mass     = 1.34939
       RestMass = 1.45611
       Radius   = 9.3272
       Circ Radius = 10.7254
       Surf Lapse  =  0.865087  0.865087  10.7254
rho_c = 0.000800954, P_c = 9.30127e-05, eps_c = 0.000862378
Scale = 100, Pressure Depletion = 1
finished odeint with kount = 5590, r = 10.6259, and P = 7.49665e-23
Found TOV solution for rho_c = 0.000800954
       Mass     = 1.41215
       RestMass = 1.53011
       Radius   = 9.1593
       Circ Radius = 10.6259
       Surf Lapse  =  0.856857  0.856857  10.6259
rho_c = 0.000834699, P_c = 0.000103555, eps_c = 0.000902889
Scale = 100, Pressure Depletion = 1
finished odeint with kount = 5542, r = 10.5306, and P = 1.86154e-23
Found TOV solution for rho_c = 0.000834699
       Mass     = 1.47305
       RestMass = 1.60257
       Radius   = 8.99727
       Circ Radius = 10.5306
       Surf Lapse  =  0.848666  0.848666  10.5306
rho_c = 0.000869865, P_c = 0.000115352, eps_c = 0.000945544
Scale = 100, Pressure Depletion = 1
finished odeint with kount = 5484, r = 10.4205, and P = 8.83127e-24
Found TOV solution for rho_c = 0.000869865
       Mass     = 1.53384
       RestMass = 1.67555
       Radius   = 8.81993
       Circ Radius = 10.4205
       Surf Lapse  =  0.840006  0.840006  10.4205
rho_c = 0.000906514, P_c = 0.000128564, eps_c = 0.000990418
Scale = 100, Pressure Depletion = 1
finished odeint with kount = 5462, r = 10.3725, and P = 6.76438e-23
Found TOV solution for rho_c = 0.000906514
       Mass     = 1.59435
       RestMass = 1.74891
       Radius   = 8.70515
       Circ Radius = 10.3725
       Surf Lapse  =  0.832215  0.832215  10.3725
rho_c = 0.000944706, P_c = 0.000142828, eps_c = 0.00103788
Scale = 100, Pressure Depletion = 1
finished odeint with kount = 5400, r = 10.287, and P = 8.31301e-23
Found TOV solution for rho_c = 0.000944706
       Mass     = 1.65219
       RestMass = 1.81971
       Radius   = 8.55506
       Circ Radius = 10.287
       Surf Lapse  =  0.823882  0.823882  10.287
rho_c = 0.000984507, P_c = 0.000158572, eps_c = 0.00108797
Scale = 100, Pressure Depletion = 1
finished odeint with kount = 5402, r = 10.2261, and P = 1.54851e-22
Found TOV solution for rho_c = 0.000984507
       Mass     = 1.70833
       RestMass = 1.88908
       Radius   = 8.43125
       Circ Radius = 10.2261
       Surf Lapse  =  0.81602  0.81602  10.2261
rho_c = 0.00102599, P_c = 0.00017616, eps_c = 0.00114081
Scale = 100, Pressure Depletion = 1
finished odeint with kount = 5338, r = 10.136, and P = 6.61975e-23
Found TOV solution for rho_c = 0.00102599
       Mass     = 1.76326
       RestMass = 1.95763
       Radius   = 8.27889
       Circ Radius = 10.136
       Surf Lapse  =  0.807515  0.807515  10.136
rho_c = 0.00106921, P_c = 0.000195246, eps_c = 0.00119664
Scale = 100, Pressure Depletion = 1
finished odeint with kount = 5360, r = 10.1671, and P = 7.82449e-25
Found TOV solution for rho_c = 0.00106921
       Mass     = 1.81529
       RestMass = 2.02321
       Radius   = 8.25194
       Circ Radius = 10.1671
       Surf Lapse  =  0.801816  0.801816  10.1671
rho_c = 0.00111426, P_c = 0.000215805, eps_c = 0.00125577
Scale = 100, Pressure Depletion = 1
finished odeint with kount = 5310, r = 10.0408, and P = 2.11776e-23
Found TOV solution for rho_c = 0.00111426
       Mass     = 1.86381
       RestMass = 2.08496
       Radius   = 8.0694
       Circ Radius = 10.0408
       Surf Lapse  =  0.79294  0.79294  10.0408
rho_c = 0.0011612, P_c = 0.000238623, eps_c = 0.00131825
Scale = 100, Pressure Depletion = 1
finished odeint with kount = 5254, r = 9.959, and P = 3.61134e-23
Found TOV solution for rho_c = 0.0011612
       Mass     = 1.91021
       RestMass = 2.14458
       Radius   = 7.93382
       Circ Radius = 9.959
       Surf Lapse  =  0.785102  0.785102  9.959
rho_c = 0.00121013, P_c = 0.000263734, eps_c = 0.00138433
Scale = 100, Pressure Depletion = 1
finished odeint with kount = 5237, r = 9.89878, and P = 1.20662e-22
Found TOV solution for rho_c = 0.00121013
       Mass     = 1.954
       RestMass = 2.20139
       Radius   = 7.82276
       Circ Radius = 9.89878
       Surf Lapse  =  0.777949  0.777949  9.89878
rho_c = 0.00126111, P_c = 0.000289982, eps_c = 0.00145427
Scale = 100, Pressure Depletion = 1
finished odeint with kount = 5191, r = 9.82043, and P = 1.25416e-22
Found TOV solution for rho_c = 0.00126111
       Mass     = 1.99298
       RestMass = 2.25244
       Radius   = 7.69847
       Circ Radius = 9.82043
       Surf Lapse  =  0.770789  0.770789  9.82043
rho_c = 0.00131424, P_c = 0.000318954, eps_c = 0.00152834
Scale = 100, Pressure Depletion = 1
finished odeint with kount = 5159, r = 9.74346, and P = 9.541e-23
Found TOV solution for rho_c = 0.00131424
       Mass     = 2.02935
       RestMass = 2.30051
       Radius   = 7.57825
       Circ Radius = 9.74346
       Surf Lapse  =  0.763835  0.763835  9.74346
rho_c = 0.00136961, P_c = 0.000350923, eps_c = 0.00160684
Scale = 100, Pressure Depletion = 1
finished odeint with kount = 5126, r = 9.65532, and P = 1.02933e-22
Found TOV solution for rho_c = 0.00136961
       Mass     = 2.06304
       RestMass = 2.34544
       Radius   = 7.44944
       Circ Radius = 9.65532
       Surf Lapse  =  0.756744  0.756744  9.65532
rho_c = 0.00142731, P_c = 0.00038417, eps_c = 0.00168991
Scale = 100, Pressure Depletion = 1
finished odeint with kount = 5073, r = 9.57261, and P = 3.63218e-23
Found TOV solution for rho_c = 0.00142731
       Mass     = 2.09227
       RestMass = 2.38476
       Radius   = 7.33106
       Circ Radius = 9.57261
       Surf Lapse  =  0.750242  0.750242  9.57261
rho_c = 0.00148745, P_c = 0.000420217, eps_c = 0.00177806
Scale = 100, Pressure Depletion = 1
finished odeint with kount = 5032, r = 9.47597, and P = 6.42378e-23
Found TOV solution for rho_c = 0.00148745
       Mass     = 2.11838
       RestMass = 2.42017
       Radius   = 7.20181
       Circ Radius = 9.47597
       Surf Lapse  =  0.743568  0.743568  9.47597
rho_c = 0.00155012, P_c = 0.000459733, eps_c = 0.00187162
Scale = 100, Pressure Depletion = 1
finished odeint with kount = 5005, r = 9.39803, and P = 4.74372e-23
Found TOV solution for rho_c = 0.00155012
       Mass     = 2.14171
       RestMass = 2.45206
       Radius   = 7.09469
       Circ Radius = 9.39803
       Surf Lapse  =  0.737714  0.737714  9.39803
rho_c = 0.00161542, P_c = 0.000501552, eps_c = 0.00197067
Scale = 100, Pressure Depletion = 1
finished odeint with kount = 4949, r = 9.31099, and P = 1.79146e-22
Found TOV solution for rho_c = 0.00161542
       Mass     = 2.16161
       RestMass = 2.47948
       Radius   = 6.98208
       Circ Radius = 9.31099
       Surf Lapse  =  0.731906  0.731906  9.31099
rho_c = 0.00168348, P_c = 0.000545728, eps_c = 0.00207559
Scale = 100, Pressure Depletion = 1
finished odeint with kount = 4924, r = 9.23667, and P = 8.76351e-23
Found TOV solution for rho_c = 0.00168348
       Mass     = 2.17823
       RestMass = 2.50256
       Radius   = 6.88618
       Circ Radius = 9.23667
       Surf Lapse  =  0.726878  0.726878  9.23667
rho_c = 0.00175441, P_c = 0.000593865, eps_c = 0.00218706
Scale = 100, Pressure Depletion = 1
finished odeint with kount = 4880, r = 9.14995, and P = 4.23919e-22
Found TOV solution for rho_c = 0.00175441
       Mass     = 2.19225
       RestMass = 2.52215
       Radius   = 6.7805
       Circ Radius = 9.14995
       Surf Lapse  =  0.721677  0.721677  9.14995
rho_c = 0.00182833, P_c = 0.000645625, eps_c = 0.00230546
Scale = 100, Pressure Depletion = 1
finished odeint with kount = 4827, r = 9.05927, and P = 3.17028e-22
Found TOV solution for rho_c = 0.00182833
       Mass     = 2.20358
       RestMass = 2.5381
       Radius   = 6.67379
       Circ Radius = 9.05927
       Surf Lapse  =  0.716602  0.716602  9.05927
rho_c = 0.00190535, P_c = 0.00069917, eps_c = 0.00243061
Scale = 100, Pressure Depletion = 1
finished odeint with kount = 4780, r = 8.96787, and P = 4.5576e-23
Found TOV solution for rho_c = 0.00190535
       Mass     = 2.21204
       RestMass = 2.55007
       Radius   = 6.56963
       Circ Radius = 8.96787
       Surf Lapse  =  0.711811  0.711811  8.96787
rho_c = 0.00198563, P_c = 0.000757157, eps_c = 0.00256369
Scale = 100, Pressure Depletion = 1
finished odeint with kount = 4765, r = 8.89478, and P = 1.38906e-22
Found TOV solution for rho_c = 0.00198563
       Mass     = 2.2182
       RestMass = 2.55885
       Radius   = 6.48695
       Circ Radius = 8.89478
       Surf Lapse  =  0.70798  0.70798  8.89478
rho_c = 0.00206929, P_c = 0.000820019, eps_c = 0.00270538
Scale = 100, Pressure Depletion = 1
finished odeint with kount = 4724, r = 8.80573, and P = 6.78876e-22
Found TOV solution for rho_c = 0.00206929
       Mass     = 2.22215
       RestMass = 2.56451
       Radius   = 6.39039
       Circ Radius = 8.80573
       Surf Lapse  =  0.703771  0.703771  8.80573
rho_c = 0.00215647, P_c = 0.000884607, eps_c = 0.00285477
Scale = 100, Pressure Depletion = 1
finished odeint with kount = 4675, r = 8.72865, and P = 4.47991e-23
Found TOV solution for rho_c = 0.00215647
       Mass     = 2.22391
       RestMass = 2.56705
       Radius   = 6.30875
       Circ Radius = 8.72865
       Surf Lapse  =  0.70031  0.70031  8.72865
rho_c = 0.00224732, P_c = 0.000953792, eps_c = 0.00301354
Scale = 100, Pressure Depletion = 1
finished odeint with kount = 4663, r = 8.64699, and P = 5.35311e-22
Found TOV solution for rho_c = 0.00224732
       Mass     = 2.22375
       RestMass = 2.56682
       Radius   = 6.22463
       Circ Radius = 8.64699
       Surf Lapse  =  0.696893  0.696893  8.64699
rho_c = 0.002342, P_c = 0.00102851, eps_c = 0.00318271
Scale = 100, Pressure Depletion = 1
finished odeint with kount = 4608, r = 8.569, and P = 8.75453e-22
Found TOV solution for rho_c = 0.002342
       Mass     = 2.22176
       RestMass = 2.56393
       Radius   = 6.14647
       Circ Radius = 8.569
       Surf Lapse  =  0.693861  0.693861  8.569
rho_c = 0.00244067, P_c = 0.00110676, eps_c = 0.00336159
Scale = 100, Pressure Depletion = 1
finished odeint with kount = 4573, r = 8.49819, and P = 1.31739e-22
Found TOV solution for rho_c = 0.00244067
       Mass     = 2.21814
       RestMass = 2.55868
       Radius   = 6.07766
       Circ Radius = 8.49819
       Surf Lapse  =  0.691356  0.691356  8.49819
rho_c = 0.0025435, P_c = 0.00118914, eps_c = 0.0035511
Scale = 100, Pressure Depletion = 1
finished odeint with kount = 4546, r = 8.42447, and P = 8.10234e-23
Found TOV solution for rho_c = 0.0025435
       Mass     = 2.21306
       RestMass = 2.55125
       Radius   = 6.0076
       Circ Radius = 8.42447
       Surf Lapse  =  0.68892  0.68892  8.42447
rho_c = 0.00265066, P_c = 0.0012778, eps_c = 0.00375312
Scale = 100, Pressure Depletion = 1
finished odeint with kount = 4515, r = 8.35417, and P = 3.52513e-22
Found TOV solution for rho_c = 0.00265066
       Mass     = 2.20651
       RestMass = 2.54164
       Radius   = 5.94285
       Circ Radius = 8.35417
       Surf Lapse  =  0.686847  0.686847  8.35417
rho_c = 0.00276234, P_c = 0.00137185, eps_c = 0.00396751
Scale = 100, Pressure Depletion = 1
finished odeint with kount = 4484, r = 8.28048, and P = 2.79888e-22
Found TOV solution for rho_c = 0.00276234
       Mass     = 2.19867
       RestMass = 2.53013
       Radius   = 5.87613
       Circ Radius = 8.28048
       Surf Lapse  =  0.684799  0.684799  8.28048
rho_c = 0.00287872, P_c = 0.00146918, eps_c = 0.00419346
Scale = 100, Pressure Depletion = 1
finished odeint with kount = 4447, r = 8.20977, and P = 5.84741e-22
Found TOV solution for rho_c = 0.00287872
       Mass     = 2.18991
       RestMass = 2.51721
       Radius   = 5.81363
       Circ Radius = 8.20977
       Surf Lapse  =  0.683016  0.683016  8.20977
rho_c = 0.003, P_c = 0.00157358, eps_c = 0.0044343
Scale = 100, Pressure Depletion = 1
finished odeint with kount = 4423, r = 8.14073, and P = 5.15317e-22
Found TOV solution for rho_c = 0.003
       Mass     = 2.18001
       RestMass = 2.50258
       Radius   = 5.75424
       Circ Radius = 8.14073
       Surf Lapse  =  0.681482  0.681482  8.14073
