rho_c = 0.0003, P_c = 5.91315e-06, eps_c = 0.000306006
Scale = 100, Pressure Depletion = 1
finished odeint with kount = 3848, r = 7.51207, and P = 2.02291e-25
Found TOV solution for rho_c = 0.0003
       Mass     = 0.270188
       RestMass = 0.273183
       Radius   = 7.23936
       Circ Radius = 7.51207
       Surf Lapse  =  0.963362  0.963362  7.51207
rho_c = 0.000309406, P_c = 6.47072e-06, eps_c = 0.000315791
Scale = 100, Pressure Depletion = 1
finished odeint with kount = 3888, r = 7.59101, and P = 1.66742e-24
Found TOV solution for rho_c = 0.000309406
       Mass     = 0.288619
       RestMass = 0.292166
       Radius   = 7.29953
       Circ Radius = 7.59101
       Surf Lapse  =  0.961227  0.961227  7.59101
rho_c = 0.000319106, P_c = 7.06299e-06, eps_c = 0.000325918
Scale = 100, Pressure Depletion = 1
finished odeint with kount = 3922, r = 7.66765, and P = 2.90526e-24
Found TOV solution for rho_c = 0.000319106
       Mass     = 0.307539
       RestMass = 0.311695
       Radius   = 7.3569
       Circ Radius = 7.66765
       Surf Lapse  =  0.959053  0.959053  7.66765
rho_c = 0.000329111, P_c = 7.71371e-06, eps_c = 0.000336373
Scale = 100, Pressure Depletion = 1
finished odeint with kount = 3962, r = 7.7445, and P = 5.97615e-24
Found TOV solution for rho_c = 0.000329111
       Mass     = 0.327608
       RestMass = 0.332459
       Radius   = 7.41327
       Circ Radius = 7.7445
       Surf Lapse  =  0.956763  0.956763  7.7445
rho_c = 0.00033943, P_c = 8.429e-06, eps_c = 0.000347166
Scale = 100, Pressure Depletion = 1
finished odeint with kount = 3998, r = 7.82151, and P = 5.92846e-24
Found TOV solution for rho_c = 0.00033943
       Mass     = 0.348906
       RestMass = 0.354548
       Radius   = 7.46853
       Circ Radius = 7.82151
       Surf Lapse  =  0.954349  0.954349  7.82151
rho_c = 0.000350072, P_c = 9.21308e-06, eps_c = 0.000358315
Scale = 100, Pressure Depletion = 1
finished odeint with kount = 4042, r = 7.89841, and P = 2.84878e-24
Found TOV solution for rho_c = 0.000350072
       Mass     = 0.371439
       RestMass = 0.377979
       Radius   = 7.52239
       Circ Radius = 7.89841
       Surf Lapse  =  0.951812  0.951812  7.89841
rho_c = 0.000361047, P_c = 1.00511e-05, eps_c = 0.000369867
Scale = 100, Pressure Depletion = 1
finished odeint with kount = 4079, r = 7.97316, and P = 4.79274e-24
Found TOV solution for rho_c = 0.000361047
       Mass     = 0.394648
       RestMass = 0.402177
       Radius   = 7.57338
       Circ Radius = 7.97316
       Surf Lapse  =  0.949213  0.949213  7.97316
rho_c = 0.000372367, P_c = 1.09677e-05, eps_c = 0.000381803
Scale = 100, Pressure Depletion = 1
finished odeint with kount = 4117, r = 8.04731, and P = 1.10235e-24
Found TOV solution for rho_c = 0.000372367
       Mass     = 0.419057
       RestMass = 0.427699
       Radius   = 7.6225
       Circ Radius = 8.04731
       Surf Lapse  =  0.946494  0.946494  8.04731
rho_c = 0.000384042, P_c = 1.19747e-05, eps_c = 0.00039413
Scale = 100, Pressure Depletion = 1
finished odeint with kount = 4156, r = 8.12112, and P = 1.8581e-24
Found TOV solution for rho_c = 0.000384042
       Mass     = 0.444843
       RestMass = 0.454739
       Radius   = 7.66983
       Circ Radius = 8.12112
       Surf Lapse  =  0.943636  0.943636  8.12112
rho_c = 0.000396082, P_c = 1.30785e-05, eps_c = 0.00040687
Scale = 100, Pressure Depletion = 1
finished odeint with kount = 4184, r = 8.19435, and P = 8.15056e-25
Found TOV solution for rho_c = 0.000396082
       Mass     = 0.472008
       RestMass = 0.483314
       Radius   = 7.71512
       Circ Radius = 8.19435
       Surf Lapse  =  0.940636  0.940636  8.19435
rho_c = 0.000408501, P_c = 1.42682e-05, eps_c = 0.000420053
Scale = 100, Pressure Depletion = 1
finished odeint with kount = 4228, r = 8.26571, and P = 1.22004e-23
Found TOV solution for rho_c = 0.000408501
       Mass     = 0.500124
       RestMass = 0.512985
       Radius   = 7.75753
       Circ Radius = 8.26571
       Surf Lapse  =  0.937544  0.937544  8.26571
rho_c = 0.000421308, P_c = 1.55408e-05, eps_c = 0.000433708
Scale = 100, Pressure Depletion = 1
finished odeint with kount = 4260, r = 8.33445, and P = 1.30872e-23
Found TOV solution for rho_c = 0.000421308
       Mass     = 0.528902
       RestMass = 0.543456
       Radius   = 7.79658
       Circ Radius = 8.33445
       Surf Lapse  =  0.934388  0.934388  8.33445
rho_c = 0.000434517, P_c = 1.69361e-05, eps_c = 0.000447822
Scale = 100, Pressure Depletion = 1
finished odeint with kount = 4300, r = 8.40218, and P = 3.50714e-25
Found TOV solution for rho_c = 0.000434517
       Mass     = 0.559069
       RestMass = 0.575508
       Radius   = 7.83314
       Circ Radius = 8.40218
       Surf Lapse  =  0.931087  0.931087  8.40218
rho_c = 0.00044814, P_c = 1.84659e-05, eps_c = 0.000462413
Scale = 100, Pressure Depletion = 1
finished odeint with kount = 4331, r = 8.46881, and P = 1.48756e-24
Found TOV solution for rho_c = 0.00044814
       Mass     = 0.590678
       RestMass = 0.609213
       Radius   = 7.86705
       Circ Radius = 8.46881
       Surf Lapse  =  0.927634  0.927634  8.46881
rho_c = 0.000462191, P_c = 2.01408e-05, eps_c = 0.000477497
Scale = 100, Pressure Depletion = 1
finished odeint with kount = 4367, r = 8.53417, and P = 6.51593e-24
Found TOV solution for rho_c = 0.000462191
       Mass     = 0.623728
       RestMass = 0.644591
       Radius   = 7.89812
       Circ Radius = 8.53417
       Surf Lapse  =  0.924028  0.924028  8.53417
rho_c = 0.000476682, P_c = 2.19287e-05, eps_c = 0.000493146
Scale = 100, Pressure Depletion = 1
finished odeint with kount = 4405, r = 8.59651, and P = 2.14626e-24
Found TOV solution for rho_c = 0.000476682
       Mass     = 0.657358
       RestMass = 0.68073
       Radius   = 7.92552
       Circ Radius = 8.59651
       Surf Lapse  =  0.920361  0.920361  8.59651
rho_c = 0.000491627, P_c = 2.38797e-05, eps_c = 0.000509344
Scale = 100, Pressure Depletion = 1
finished odeint with kount = 4436, r = 8.65707, and P = 1.58626e-24
Found TOV solution for rho_c = 0.000491627
       Mass     = 0.692258
       RestMass = 0.718387
       Radius   = 7.94974
       Circ Radius = 8.65707
       Surf Lapse  =  0.916554  0.916554  8.65707
rho_c = 0.000507041, P_c = 2.60184e-05, eps_c = 0.00052609
Scale = 100, Pressure Depletion = 1
finished odeint with kount = 4469, r = 8.71604, and P = 3.00903e-24
Found TOV solution for rho_c = 0.000507041
       Mass     = 0.728619
       RestMass = 0.757785
       Radius   = 7.97077
       Circ Radius = 8.71604
       Surf Lapse  =  0.912584  0.912584  8.71604
rho_c = 0.000522938, P_c = 2.83629e-05, eps_c = 0.000543409
Scale = 100, Pressure Depletion = 1
finished odeint with kount = 4485, r = 8.7733, and P = 7.16816e-24
Found TOV solution for rho_c = 0.000522938
       Mass     = 0.766471
       RestMass = 0.798982
       Radius   = 7.98845
       Circ Radius = 8.7733
       Surf Lapse  =  0.908445  0.908445  8.7733
rho_c = 0.000539333, P_c = 3.08825e-05, eps_c = 0.000561386
Scale = 100, Pressure Depletion = 1
finished odeint with kount = 4522, r = 8.8277, and P = 5.20458e-25
Found TOV solution for rho_c = 0.000539333
       Mass     = 0.805052
       RestMass = 0.841167
       Radius   = 8.0024
       Circ Radius = 8.8277
       Surf Lapse  =  0.904217  0.904217  8.8277
rho_c = 0.000556243, P_c = 3.36042e-05, eps_c = 0.000580025
Scale = 100, Pressure Depletion = 1
finished odeint with kount = 4551, r = 8.87934, and P = 1.0293e-23
Found TOV solution for rho_c = 0.000556243
       Mass     = 0.844448
       RestMass = 0.884447
       Radius   = 8.01264
       Circ Radius = 8.87934
       Surf Lapse  =  0.899886  0.899886  8.87934
rho_c = 0.000573682, P_c = 3.65883e-05, eps_c = 0.000599321
Scale = 100, Pressure Depletion = 1
finished odeint with kount = 4582, r = 8.9289, and P = 2.49831e-23
Found TOV solution for rho_c = 0.000573682
       Mass     = 0.885237
       RestMass = 0.929477
       Radius   = 8.01923
       Circ Radius = 8.9289
       Surf Lapse  =  0.895385  0.895385  8.9289
rho_c = 0.000591669, P_c = 3.98591e-05, eps_c = 0.000619301
Scale = 100, Pressure Depletion = 1
finished odeint with kount = 4597, r = 8.97625, and P = 1.69886e-23
Found TOV solution for rho_c = 0.000591669
       Mass     = 0.927413
       RestMass = 0.976276
       Radius   = 8.02203
       Circ Radius = 8.97625
       Surf Lapse  =  0.890709  0.890709  8.97625
rho_c = 0.000610219, P_c = 4.34132e-05, eps_c = 0.000639995
Scale = 100, Pressure Depletion = 1
finished odeint with kount = 4632, r = 9.02092, and P = 2.8003e-24
Found TOV solution for rho_c = 0.000610219
       Mass     = 0.970597
       RestMass = 1.02445
       Radius   = 8.02097
       Circ Radius = 9.02092
       Surf Lapse  =  0.885896  0.885896  9.02092
rho_c = 0.000629351, P_c = 4.7173e-05, eps_c = 0.000661516
Scale = 100, Pressure Depletion = 1
finished odeint with kount = 4644, r = 9.06168, and P = 3.83074e-24
Found TOV solution for rho_c = 0.000629351
       Mass     = 1.0135
       RestMass = 1.07257
       Radius   = 8.01614
       Circ Radius = 9.06168
       Surf Lapse  =  0.881085  0.881085  9.06168
rho_c = 0.000649083, P_c = 5.12866e-05, eps_c = 0.000683816
Scale = 100, Pressure Depletion = 1
finished odeint with kount = 4667, r = 9.0998, and P = 1.17896e-24
Found TOV solution for rho_c = 0.000649083
       Mass     = 1.05748
       RestMass = 1.12218
       Radius   = 8.0074
       Circ Radius = 9.0998
       Surf Lapse  =  0.876117  0.876117  9.0998
rho_c = 0.000669433, P_c = 5.57948e-05, eps_c = 0.000706919
Scale = 100, Pressure Depletion = 1
finished odeint with kount = 4680, r = 9.13524, and P = 2.82313e-23
Found TOV solution for rho_c = 0.000669433
       Mass     = 1.1026
       RestMass = 1.17335
       Radius   = 7.99463
       Circ Radius = 9.13524
       Surf Lapse  =  0.87098  0.87098  9.13524
rho_c = 0.000690421, P_c = 6.07375e-05, eps_c = 0.000730871
Scale = 100, Pressure Depletion = 1
finished odeint with kount = 4705, r = 9.16791, and P = 1.77399e-23
Found TOV solution for rho_c = 0.000690421
       Mass     = 1.14883
       RestMass = 1.22611
       Radius   = 7.97773
       Circ Radius = 9.16791
       Surf Lapse  =  0.865668  0.865668  9.16791
rho_c = 0.000712068, P_c = 6.60127e-05, eps_c = 0.000755789
Scale = 100, Pressure Depletion = 1
finished odeint with kount = 4718, r = 9.19695, and P = 2.2606e-23
Found TOV solution for rho_c = 0.000712068
       Mass     = 1.19486
       RestMass = 1.27897
       Radius   = 7.95724
       Circ Radius = 9.19695
       Surf Lapse  =  0.860326  0.860326  9.19695
rho_c = 0.000734393, P_c = 7.17293e-05, eps_c = 0.00078169
Scale = 100, Pressure Depletion = 1
finished odeint with kount = 4730, r = 9.22272, and P = 1.10863e-23
Found TOV solution for rho_c = 0.000734393
       Mass     = 1.24124
       RestMass = 1.33255
       Radius   = 7.93293
       Circ Radius = 9.22272
       Surf Lapse  =  0.854886  0.854886  9.22272
rho_c = 0.000757418, P_c = 7.79832e-05, eps_c = 0.00080856
Scale = 100, Pressure Depletion = 1
finished odeint with kount = 4754, r = 9.24537, and P = 1.55581e-23
Found TOV solution for rho_c = 0.000757418
       Mass     = 1.28832
       RestMass = 1.38731
       Radius   = 7.90455
       Circ Radius = 9.24537
       Surf Lapse  =  0.849296  0.849296  9.24537
rho_c = 0.000781165, P_c = 8.48241e-05, eps_c = 0.000836433
Scale = 100, Pressure Depletion = 1
finished odeint with kount = 4763, r = 9.26483, and P = 2.94824e-24
Found TOV solution for rho_c = 0.000781165
       Mass     = 1.33605
       RestMass = 1.44318
       Radius   = 7.87209
       Circ Radius = 9.26483
       Surf Lapse  =  0.843555  0.843555  9.26483
rho_c = 0.000805657, P_c = 9.22065e-05, eps_c = 0.000865419
Scale = 100, Pressure Depletion = 1
finished odeint with kount = 4772, r = 9.28083, and P = 2.58126e-24
Found TOV solution for rho_c = 0.000805657
       Mass     = 1.3837
       RestMass = 1.49935
       Radius   = 7.83604
       Circ Radius = 9.28083
       Surf Lapse  =  0.837744  0.837744  9.28083
rho_c = 0.000830916, P_c = 9.99796e-05, eps_c = 0.000895603
Scale = 100, Pressure Depletion = 1
finished odeint with kount = 4787, r = 9.29303, and P = 3.22508e-23
Found TOV solution for rho_c = 0.000830916
       Mass     = 1.42993
       RestMass = 1.55421
       Radius   = 7.79755
       Circ Radius = 9.29303
       Surf Lapse  =  0.832021  0.832021  9.29303
rho_c = 0.000856967, P_c = 0.000108469, eps_c = 0.000926971
Scale = 100, Pressure Depletion = 1
finished odeint with kount = 4789, r = 9.30188, and P = 1.20528e-23
Found TOV solution for rho_c = 0.000856967
       Mass     = 1.47632
       RestMass = 1.60965
       Radius   = 7.7553
       Circ Radius = 9.30188
       Surf Lapse  =  0.826182  0.826182  9.30188
rho_c = 0.000883835, P_c = 0.000117739, eps_c = 0.000959568
Scale = 100, Pressure Depletion = 1
finished odeint with kount = 4789, r = 9.3073, and P = 7.77562e-23
Found TOV solution for rho_c = 0.000883835
       Mass     = 1.52279
       RestMass = 1.66558
       Radius   = 7.70931
       Circ Radius = 9.3073
       Surf Lapse  =  0.820229  0.820229  9.3073
rho_c = 0.000911546, P_c = 0.00012783, eps_c = 0.000993447
Scale = 100, Pressure Depletion = 1
finished odeint with kount = 4798, r = 9.30923, and P = 4.8367e-23
Found TOV solution for rho_c = 0.000911546
       Mass     = 1.5691
       RestMass = 1.72173
       Radius   = 7.65977
       Circ Radius = 9.30923
       Surf Lapse  =  0.814183  0.814183  9.30923
rho_c = 0.000940125, P_c = 0.000138385, eps_c = 0.0010288
Scale = 100, Pressure Depletion = 1
finished odeint with kount = 4793, r = 9.30775, and P = 1.08478e-23
Found TOV solution for rho_c = 0.000940125
       Mass     = 1.61333
       RestMass = 1.77575
       Radius   = 7.60891
       Circ Radius = 9.30775
       Surf Lapse  =  0.808293  0.808293  9.30775
rho_c = 0.000969601, P_c = 0.000149746, eps_c = 0.00106559
Scale = 100, Pressure Depletion = 1
finished odeint with kount = 4799, r = 9.3029, and P = 4.59612e-23
Found TOV solution for rho_c = 0.000969601
       Mass     = 1.65661
       RestMass = 1.829
       Radius   = 7.55548
       Circ Radius = 9.3029
       Surf Lapse  =  0.802403  0.802403  9.3029
rho_c = 0.001, P_c = 0.000161905, eps_c = 0.00110357
Scale = 100, Pressure Depletion = 1
finished odeint with kount = 4798, r = 9.29474, and P = 4.74101e-23
Found TOV solution for rho_c = 0.001
       Mass     = 1.69867
       RestMass = 1.88113
       Radius   = 7.49989
       Circ Radius = 9.29474
       Surf Lapse  =  0.796548  0.796548  9.29474
