rho_c = 0.00075, P_c = 7.79852e-05, eps_c = 0.000802163
Scale = 100, Pressure Depletion = 1
finished odeint with kount = 4844, r = 9.39822, and P = 2.8617e-20
Found TOV solution for rho_c = 0.00075
       Mass     = 1.31231
       RestMass = 1.41271
       Radius   = 8.03231
       Circ Radius = 9.39822
       Surf Lapse  =  0.84896  0.84896  9.39822
rho_c = 0.000751481, P_c = 7.83986e-05, eps_c = 0.000803903
Scale = 100, Pressure Depletion = 1
finished odeint with kount = 4840, r = 9.39926, and P = 1.37306e-21
Found TOV solution for rho_c = 0.000751481
       Mass     = 1.31529
       RestMass = 1.41619
       Radius   = 8.03011
       Circ Radius = 9.39926
       Surf Lapse  =  0.848604  0.848604  9.39926
rho_c = 0.000752966, P_c = 7.88145e-05, eps_c = 0.000805646
Scale = 100, Pressure Depletion = 1
finished odeint with kount = 4836, r = 9.40028, and P = 7.09516e-21
Found TOV solution for rho_c = 0.000752966
       Mass     = 1.31827
       RestMass = 1.41967
       Radius   = 8.02789
       Circ Radius = 9.40028
       Surf Lapse  =  0.848248  0.848248  9.40028
rho_c = 0.000754453, P_c = 7.92325e-05, eps_c = 0.000807393
Scale = 100, Pressure Depletion = 1
finished odeint with kount = 4842, r = 9.40129, and P = 8.6437e-21
Found TOV solution for rho_c = 0.000754453
       Mass     = 1.32125
       RestMass = 1.42316
       Radius   = 8.02566
       Circ Radius = 9.40129
       Surf Lapse  =  0.847892  0.847892  9.40129
rho_c = 0.000755944, P_c = 7.96527e-05, eps_c = 0.000809144
Scale = 100, Pressure Depletion = 1
finished odeint with kount = 4837, r = 9.40229, and P = 2.91317e-20
Found TOV solution for rho_c = 0.000755944
       Mass     = 1.32424
       RestMass = 1.42665
       Radius   = 8.02342
       Circ Radius = 9.40229
       Surf Lapse  =  0.847535  0.847535  9.40229
rho_c = 0.000757437, P_c = 8.0075e-05, eps_c = 0.000810899
Scale = 100, Pressure Depletion = 1
finished odeint with kount = 4843, r = 9.40328, and P = 5.37419e-22
Found TOV solution for rho_c = 0.000757437
       Mass     = 1.32722
       RestMass = 1.43014
       Radius   = 8.02116
       Circ Radius = 9.40328
       Surf Lapse  =  0.847178  0.847178  9.40328
rho_c = 0.000758933, P_c = 8.04995e-05, eps_c = 0.000812658
Scale = 100, Pressure Depletion = 1
finished odeint with kount = 4835, r = 9.40425, and P = 1.14658e-20
Found TOV solution for rho_c = 0.000758933
       Mass     = 1.33021
       RestMass = 1.43363
       Radius   = 8.01888
       Circ Radius = 9.40425
       Surf Lapse  =  0.846821  0.846821  9.40425
rho_c = 0.000760432, P_c = 8.09262e-05, eps_c = 0.00081442
Scale = 100, Pressure Depletion = 1
finished odeint with kount = 4841, r = 9.40521, and P = 6.4949e-20
Found TOV solution for rho_c = 0.000760432
       Mass     = 1.33319
       RestMass = 1.43713
       Radius   = 8.01659
       Circ Radius = 9.40521
       Surf Lapse  =  0.846463  0.846463  9.40521
rho_c = 0.000761934, P_c = 8.13562e-05, eps_c = 0.000816188
Scale = 100, Pressure Depletion = 1
finished odeint with kount = 4849, r = 9.40616, and P = 7.46721e-20
Found TOV solution for rho_c = 0.000761934
       Mass     = 1.33619
       RestMass = 1.44063
       Radius   = 8.01428
       Circ Radius = 9.40616
       Surf Lapse  =  0.846104  0.846104  9.40616
rho_c = 0.000763439, P_c = 8.17885e-05, eps_c = 0.00081796
Scale = 100, Pressure Depletion = 1
finished odeint with kount = 4846, r = 9.4071, and P = 2.33735e-20
Found TOV solution for rho_c = 0.000763439
       Mass     = 1.33918
       RestMass = 1.44414
       Radius   = 8.01195
       Circ Radius = 9.4071
       Surf Lapse  =  0.845744  0.845744  9.4071
rho_c = 0.000764947, P_c = 8.22232e-05, eps_c = 0.000819736
Scale = 100, Pressure Depletion = 1
finished odeint with kount = 4853, r = 9.40802, and P = 1.75279e-20
Found TOV solution for rho_c = 0.000764947
       Mass     = 1.34218
       RestMass = 1.44765
       Radius   = 8.00962
       Circ Radius = 9.40802
       Surf Lapse  =  0.845384  0.845384  9.40802
rho_c = 0.000766458, P_c = 8.266e-05, eps_c = 0.000821516
Scale = 100, Pressure Depletion = 1
finished odeint with kount = 4846, r = 9.40893, and P = 4.90062e-20
Found TOV solution for rho_c = 0.000766458
       Mass     = 1.34517
       RestMass = 1.45117
       Radius   = 8.00726
       Circ Radius = 9.40893
       Surf Lapse  =  0.845023  0.845023  9.40893
rho_c = 0.000767972, P_c = 8.30991e-05, eps_c = 0.000823299
Scale = 100, Pressure Depletion = 1
finished odeint with kount = 4845, r = 9.40983, and P = 1.37289e-21
Found TOV solution for rho_c = 0.000767972
       Mass     = 1.34817
       RestMass = 1.45468
       Radius   = 8.00489
       Circ Radius = 9.40983
       Surf Lapse  =  0.844662  0.844662  9.40983
rho_c = 0.000769489, P_c = 8.35405e-05, eps_c = 0.000825087
Scale = 100, Pressure Depletion = 1
finished odeint with kount = 4845, r = 9.41071, and P = 1.23624e-20
Found TOV solution for rho_c = 0.000769489
       Mass     = 1.35117
       RestMass = 1.4582
       Radius   = 8.0025
       Circ Radius = 9.41071
       Surf Lapse  =  0.844301  0.844301  9.41071
rho_c = 0.000771009, P_c = 8.39841e-05, eps_c = 0.000826878
Scale = 100, Pressure Depletion = 1
finished odeint with kount = 4850, r = 9.41158, and P = 3.0329e-20
Found TOV solution for rho_c = 0.000771009
       Mass     = 1.35417
       RestMass = 1.46172
       Radius   = 8.0001
       Circ Radius = 9.41158
       Surf Lapse  =  0.843939  0.843939  9.41158
rho_c = 0.000772532, P_c = 8.44315e-05, eps_c = 0.000828676
Scale = 100, Pressure Depletion = 1
finished odeint with kount = 4855, r = 9.41244, and P = 1.4307e-20
Found TOV solution for rho_c = 0.000772532
       Mass     = 1.35718
       RestMass = 1.46526
       Radius   = 7.99768
       Circ Radius = 9.41244
       Surf Lapse  =  0.843576  0.843576  9.41244
rho_c = 0.000774058, P_c = 8.48812e-05, eps_c = 0.000830478
Scale = 100, Pressure Depletion = 1
finished odeint with kount = 4855, r = 9.41328, and P = 7.23243e-20
Found TOV solution for rho_c = 0.000774058
       Mass     = 1.36019
       RestMass = 1.46879
       Radius   = 7.99525
       Circ Radius = 9.41328
       Surf Lapse  =  0.843212  0.843212  9.41328
rho_c = 0.000775587, P_c = 8.53333e-05, eps_c = 0.000832284
Scale = 100, Pressure Depletion = 1
finished odeint with kount = 4859, r = 9.41411, and P = 6.15893e-20
Found TOV solution for rho_c = 0.000775587
       Mass     = 1.3632
       RestMass = 1.47233
       Radius   = 7.99279
       Circ Radius = 9.41411
       Surf Lapse  =  0.842848  0.842848  9.41411
rho_c = 0.000777119, P_c = 8.57876e-05, eps_c = 0.000834094
Scale = 100, Pressure Depletion = 1
finished odeint with kount = 4847, r = 9.41493, and P = 4.38504e-20
Found TOV solution for rho_c = 0.000777119
       Mass     = 1.36621
       RestMass = 1.47587
       Radius   = 7.99033
       Circ Radius = 9.41493
       Surf Lapse  =  0.842484  0.842484  9.41493
rho_c = 0.000778654, P_c = 8.62444e-05, eps_c = 0.000835907
Scale = 100, Pressure Depletion = 1
finished odeint with kount = 4848, r = 9.41574, and P = 5.28303e-20
Found TOV solution for rho_c = 0.000778654
       Mass     = 1.36922
       RestMass = 1.47941
       Radius   = 7.98785
       Circ Radius = 9.41574
       Surf Lapse  =  0.842119  0.842119  9.41574
rho_c = 0.000780192, P_c = 8.67035e-05, eps_c = 0.000837725
Scale = 100, Pressure Depletion = 1
finished odeint with kount = 4850, r = 9.41653, and P = 5.51329e-21
Found TOV solution for rho_c = 0.000780192
       Mass     = 1.37223
       RestMass = 1.48296
       Radius   = 7.98535
       Circ Radius = 9.41653
       Surf Lapse  =  0.841754  0.841754  9.41653
rho_c = 0.000781733, P_c = 8.71651e-05, eps_c = 0.000839547
Scale = 100, Pressure Depletion = 1
finished odeint with kount = 4851, r = 9.41731, and P = 6.42241e-20
Found TOV solution for rho_c = 0.000781733
       Mass     = 1.37524
       RestMass = 1.48651
       Radius   = 7.98284
       Circ Radius = 9.41731
       Surf Lapse  =  0.841388  0.841388  9.41731
rho_c = 0.000783278, P_c = 8.76304e-05, eps_c = 0.000841376
Scale = 100, Pressure Depletion = 1
finished odeint with kount = 4857, r = 9.41808, and P = 5.46702e-21
Found TOV solution for rho_c = 0.000783278
       Mass     = 1.37826
       RestMass = 1.49007
       Radius   = 7.98031
       Circ Radius = 9.41808
       Surf Lapse  =  0.841021  0.841021  9.41808
rho_c = 0.000784825, P_c = 8.80982e-05, eps_c = 0.000843209
Scale = 100, Pressure Depletion = 1
finished odeint with kount = 4851, r = 9.41883, and P = 8.0832e-20
Found TOV solution for rho_c = 0.000784825
       Mass     = 1.38128
       RestMass = 1.49363
       Radius   = 7.97776
       Circ Radius = 9.41883
       Surf Lapse  =  0.840653  0.840653  9.41883
rho_c = 0.000786375, P_c = 8.85684e-05, eps_c = 0.000845046
Scale = 100, Pressure Depletion = 1
finished odeint with kount = 4859, r = 9.41957, and P = 7.16105e-20
Found TOV solution for rho_c = 0.000786375
       Mass     = 1.3843
       RestMass = 1.49719
       Radius   = 7.9752
       Circ Radius = 9.41957
       Surf Lapse  =  0.840285  0.840285  9.41957
rho_c = 0.000787928, P_c = 8.9041e-05, eps_c = 0.000846887
Scale = 100, Pressure Depletion = 1
finished odeint with kount = 4845, r = 9.4203, and P = 2.41354e-20
Found TOV solution for rho_c = 0.000787928
       Mass     = 1.38733
       RestMass = 1.50076
       Radius   = 7.97262
       Circ Radius = 9.4203
       Surf Lapse  =  0.839917  0.839917  9.4203
rho_c = 0.000789485, P_c = 8.9516e-05, eps_c = 0.000848732
Scale = 100, Pressure Depletion = 1
finished odeint with kount = 4858, r = 9.42101, and P = 2.13866e-20
Found TOV solution for rho_c = 0.000789485
       Mass     = 1.39035
       RestMass = 1.50432
       Radius   = 7.97003
       Circ Radius = 9.42101
       Surf Lapse  =  0.839548  0.839548  9.42101
rho_c = 0.000791044, P_c = 8.99935e-05, eps_c = 0.00085058
Scale = 100, Pressure Depletion = 1
finished odeint with kount = 4845, r = 9.42171, and P = 4.2142e-20
Found TOV solution for rho_c = 0.000791044
       Mass     = 1.39337
       RestMass = 1.50789
       Radius   = 7.96742
       Circ Radius = 9.42171
       Surf Lapse  =  0.839179  0.839179  9.42171
rho_c = 0.000792607, P_c = 9.04721e-05, eps_c = 0.000852435
Scale = 100, Pressure Depletion = 1
finished odeint with kount = 4849, r = 9.4224, and P = 3.79971e-21
Found TOV solution for rho_c = 0.000792607
       Mass     = 1.39638
       RestMass = 1.51145
       Radius   = 7.96481
       Circ Radius = 9.4224
       Surf Lapse  =  0.838811  0.838811  9.4224
rho_c = 0.000794172, P_c = 9.0947e-05, eps_c = 0.000854298
Scale = 100, Pressure Depletion = 1
finished odeint with kount = 4864, r = 9.42306, and P = 2.71314e-21
Found TOV solution for rho_c = 0.000794172
       Mass     = 1.39936
       RestMass = 1.51497
       Radius   = 7.96222
       Circ Radius = 9.42306
       Surf Lapse  =  0.838446  0.838446  9.42306
rho_c = 0.000795741, P_c = 9.14243e-05, eps_c = 0.000856166
Scale = 100, Pressure Depletion = 1
finished odeint with kount = 4854, r = 9.42371, and P = 4.74245e-21
Found TOV solution for rho_c = 0.000795741
       Mass     = 1.40234
       RestMass = 1.51849
       Radius   = 7.95961
       Circ Radius = 9.42371
       Surf Lapse  =  0.838082  0.838082  9.42371
rho_c = 0.000797313, P_c = 9.1904e-05, eps_c = 0.000858037
Scale = 100, Pressure Depletion = 1
finished odeint with kount = 4873, r = 9.42435, and P = 8.27902e-20
Found TOV solution for rho_c = 0.000797313
       Mass     = 1.40531
       RestMass = 1.52201
       Radius   = 7.95699
       Circ Radius = 9.42435
       Surf Lapse  =  0.837717  0.837717  9.42435
rho_c = 0.000798888, P_c = 9.23862e-05, eps_c = 0.000859913
Scale = 100, Pressure Depletion = 1
finished odeint with kount = 4858, r = 9.42497, and P = 6.03474e-21
Found TOV solution for rho_c = 0.000798888
       Mass     = 1.40828
       RestMass = 1.52553
       Radius   = 7.95435
       Circ Radius = 9.42497
       Surf Lapse  =  0.837352  0.837352  9.42497
rho_c = 0.000800466, P_c = 9.28709e-05, eps_c = 0.000861792
Scale = 100, Pressure Depletion = 1
finished odeint with kount = 4864, r = 9.42558, and P = 6.75566e-20
Found TOV solution for rho_c = 0.000800466
       Mass     = 1.41126
       RestMass = 1.52905
       Radius   = 7.95171
       Circ Radius = 9.42558
       Surf Lapse  =  0.836987  0.836987  9.42558
rho_c = 0.000802047, P_c = 9.3358e-05, eps_c = 0.000863676
Scale = 100, Pressure Depletion = 1
finished odeint with kount = 4856, r = 9.42618, and P = 2.5125e-21
Found TOV solution for rho_c = 0.000802047
       Mass     = 1.41423
       RestMass = 1.53257
       Radius   = 7.94904
       Circ Radius = 9.42618
       Surf Lapse  =  0.836621  0.836621  9.42618
rho_c = 0.000803631, P_c = 9.38442e-05, eps_c = 0.000865566
Scale = 100, Pressure Depletion = 1
finished odeint with kount = 4854, r = 9.42676, and P = 2.61914e-21
Found TOV solution for rho_c = 0.000803631
       Mass     = 1.41719
       RestMass = 1.53607
       Radius   = 7.94639
       Circ Radius = 9.42676
       Surf Lapse  =  0.836258  0.836258  9.42676
rho_c = 0.000805219, P_c = 9.43252e-05, eps_c = 0.000867467
Scale = 100, Pressure Depletion = 1
finished odeint with kount = 4866, r = 9.42732, and P = 8.81434e-20
Found TOV solution for rho_c = 0.000805219
       Mass     = 1.42009
       RestMass = 1.53952
       Radius   = 7.94376
       Circ Radius = 9.42732
       Surf Lapse  =  0.8359  0.8359  9.42732
rho_c = 0.000806809, P_c = 9.48087e-05, eps_c = 0.000869372
Scale = 100, Pressure Depletion = 1
finished odeint with kount = 4862, r = 9.42786, and P = 4.23447e-21
Found TOV solution for rho_c = 0.000806809
       Mass     = 1.423
       RestMass = 1.54296
       Radius   = 7.94112
       Circ Radius = 9.42786
       Surf Lapse  =  0.835541  0.835541  9.42786
rho_c = 0.000808403, P_c = 9.52946e-05, eps_c = 0.000871281
Scale = 100, Pressure Depletion = 1
finished odeint with kount = 4863, r = 9.42839, and P = 1.21012e-21
Found TOV solution for rho_c = 0.000808403
       Mass     = 1.4259
       RestMass = 1.54641
       Radius   = 7.93846
       Circ Radius = 9.42839
       Surf Lapse  =  0.835183  0.835183  9.42839
rho_c = 0.00081, P_c = 9.57829e-05, eps_c = 0.000873194
Scale = 100, Pressure Depletion = 1
finished odeint with kount = 4855, r = 9.42891, and P = 3.72374e-21
Found TOV solution for rho_c = 0.00081
       Mass     = 1.4288
       RestMass = 1.54985
       Radius   = 7.93579
       Circ Radius = 9.42891
       Surf Lapse  =  0.834824  0.834824  9.42891
