rho_c = 0.0003, P_c = 5.94446e-06, eps_c = 0.000306004
Scale = 100, Pressure Depletion = 1
finished odeint with kount = 5499, r = 10.7042, and P = 3.27186e-25
Found TOV solution for rho_c = 0.0003
       Mass     = 0.269238
       RestMass = 0.272178
       Radius   = 10.4333
       Circ Radius = 10.7042
       Surf Lapse  =  0.974523  0.974523  10.7042
rho_c = 0.000331654, P_c = 7.92413e-06, eps_c = 0.00033903
Scale = 100, Pressure Depletion = 1
finished odeint with kount = 5300, r = 10.2978, and P = 4.11741e-24
Found TOV solution for rho_c = 0.000331654
       Mass     = 0.332657
       RestMass = 0.337662
       Radius   = 9.96234
       Circ Radius = 10.2978
       Surf Lapse  =  0.967157  0.967157  10.2978
rho_c = 0.000366647, P_c = 1.05496e-05, eps_c = 0.00037577
Scale = 100, Pressure Depletion = 1
finished odeint with kount = 5194, r = 10.0646, and P = 6.42749e-24
Found TOV solution for rho_c = 0.000366647
       Mass     = 0.407405
       RestMass = 0.415477
       Radius   = 9.65291
       Circ Radius = 10.0646
       Surf Lapse  =  0.958667  0.958667  10.0646
rho_c = 0.000405332, P_c = 1.40045e-05, eps_c = 0.000416702
Scale = 100, Pressure Depletion = 1
finished odeint with kount = 5121, r = 9.9383, and P = 8.65284e-25
Found TOV solution for rho_c = 0.000405332
       Mass     = 0.493927
       RestMass = 0.506407
       Radius   = 9.43792
       Circ Radius = 9.9383
       Surf Lapse  =  0.949  0.949  9.9383
rho_c = 0.0004481, P_c = 1.85232e-05, eps_c = 0.000462383
Scale = 100, Pressure Depletion = 1
finished odeint with kount = 5097, r = 9.87743, and P = 2.51791e-24
Found TOV solution for rho_c = 0.0004481
       Mass     = 0.592242
       RestMass = 0.610855
       Radius   = 9.27574
       Circ Radius = 9.87743
       Surf Lapse  =  0.938127  0.938127  9.87743
rho_c = 0.000495379, P_c = 2.45106e-05, eps_c = 0.000513388
Scale = 100, Pressure Depletion = 1
finished odeint with kount = 5072, r = 9.85456, and P = 1.18472e-23
Found TOV solution for rho_c = 0.000495379
       Mass     = 0.704046
       RestMass = 0.731109
       Radius   = 9.13695
       Circ Radius = 9.85456
       Surf Lapse  =  0.925804  0.925804  9.85456
rho_c = 0.000547648, P_c = 3.23031e-05, eps_c = 0.000570574
Scale = 100, Pressure Depletion = 1
finished odeint with kount = 5087, r = 9.85209, and P = 1.72092e-23
Found TOV solution for rho_c = 0.000547648
       Mass     = 0.82712
       RestMass = 0.865353
       Radius   = 9.00598
       Circ Radius = 9.85209
       Surf Lapse  =  0.912191  0.912191  9.85209
rho_c = 0.000605431, P_c = 4.25599e-05, eps_c = 0.000634659
Scale = 100, Pressure Depletion = 1
finished odeint with kount = 5090, r = 9.85604, and P = 2.09764e-23
Found TOV solution for rho_c = 0.000605431
       Mass     = 0.961966
       RestMass = 1.01477
       Radius   = 8.86799
       Circ Radius = 9.85604
       Surf Lapse  =  0.897105  0.897105  9.85604
rho_c = 0.000669311, P_c = 5.59299e-05, eps_c = 0.000706811
Scale = 100, Pressure Depletion = 1
finished odeint with kount = 5100, r = 9.85616, and P = 4.31694e-23
Found TOV solution for rho_c = 0.000669311
       Mass     = 1.1056
       RestMass = 1.17674
       Radius   = 8.71549
       Circ Radius = 9.85616
       Surf Lapse  =  0.880711  0.880711  9.85616
rho_c = 0.000739931, P_c = 7.33877e-05, eps_c = 0.00078816
Scale = 100, Pressure Depletion = 1
finished odeint with kount = 5084, r = 9.84448, and P = 1.32994e-23
Found TOV solution for rho_c = 0.000739931
       Mass     = 1.25595
       RestMass = 1.34958
       Radius   = 8.54237
       Circ Radius = 9.84448
       Surf Lapse  =  0.863042  0.863042  9.84448
rho_c = 0.000818002, P_c = 9.61177e-05, eps_c = 0.000880212
Scale = 100, Pressure Depletion = 1
finished odeint with kount = 5085, r = 9.81479, and P = 3.88145e-23
Found TOV solution for rho_c = 0.000818002
       Mass     = 1.40931
       RestMass = 1.52964
       Radius   = 8.34598
       Circ Radius = 9.81479
       Surf Lapse  =  0.844286  0.844286  9.81479
rho_c = 0.000904311, P_c = 0.000125186, eps_c = 0.000984682
Scale = 100, Pressure Depletion = 1
finished odeint with kount = 5052, r = 9.76343, and P = 1.01297e-22
Found TOV solution for rho_c = 0.000904311
       Mass     = 1.55923
       RestMass = 1.70968
       Radius   = 8.12943
       Circ Radius = 9.76343
       Surf Lapse  =  0.824983  0.824983  9.76343
rho_c = 0.000999727, P_c = 0.000162443, eps_c = 0.00110362
Scale = 100, Pressure Depletion = 1
finished odeint with kount = 5017, r = 9.68764, and P = 2.61783e-23
Found TOV solution for rho_c = 0.000999727
       Mass     = 1.70229
       RestMass = 1.88556
       Radius   = 7.89358
       Circ Radius = 9.68764
       Surf Lapse  =  0.805336  0.805336  9.68764
rho_c = 0.00110521, P_c = 0.000208777, eps_c = 0.0012396
Scale = 100, Pressure Depletion = 1
finished odeint with kount = 4991, r = 9.589, and P = 4.49437e-23
Found TOV solution for rho_c = 0.00110521
       Mass     = 1.83085
       RestMass = 2.04746
       Radius   = 7.6486
       Circ Radius = 9.589
       Surf Lapse  =  0.786216  0.786216  9.589
rho_c = 0.00122182, P_c = 0.000266209, eps_c = 0.00139512
Scale = 100, Pressure Depletion = 1
finished odeint with kount = 4929, r = 9.46832, and P = 5.66632e-23
Found TOV solution for rho_c = 0.00122182
       Mass     = 1.94265
       RestMass = 2.19164
       Radius   = 7.39815
       Circ Radius = 9.46832
       Surf Lapse  =  0.767889  0.767889  9.46832
rho_c = 0.00135074, P_c = 0.000336213, eps_c = 0.0015742
Scale = 100, Pressure Depletion = 1
finished odeint with kount = 4872, r = 9.32945, and P = 6.84849e-23
Found TOV solution for rho_c = 0.00135074
       Mass     = 2.03473
       RestMass = 2.31315
       Radius   = 7.14996
       Circ Radius = 9.32945
       Surf Lapse  =  0.750869  0.750869  9.32945
rho_c = 0.00149326, P_c = 0.000420267, eps_c = 0.00177983
Scale = 100, Pressure Depletion = 1
finished odeint with kount = 4806, r = 9.17662, and P = 2.54535e-22
Found TOV solution for rho_c = 0.00149326
       Mass     = 2.10644
       RestMass = 2.40982
       Radius   = 6.90964
       Circ Radius = 9.17662
       Surf Lapse  =  0.735467  0.735467  9.17662
rho_c = 0.00165081, P_c = 0.000519329, eps_c = 0.00200698
Scale = 100, Pressure Depletion = 1
finished odeint with kount = 4710, r = 9.01509, and P = 3.45777e-22
Found TOV solution for rho_c = 0.00165081
       Mass     = 2.15834
       RestMass = 2.48118
       Radius   = 6.68248
       Circ Radius = 9.01509
       Surf Lapse  =  0.721923  0.721923  9.01509
rho_c = 0.00182499, P_c = 0.000628326, eps_c = 0.00221874
Scale = 100, Pressure Depletion = 1
finished odeint with kount = 4640, r = 8.85645, and P = 1.50934e-22
Found TOV solution for rho_c = 0.00182499
       Mass     = 2.19328
       RestMass = 2.53107
       Radius   = 6.4775
       Circ Radius = 8.85645
       Surf Lapse  =  0.710425  0.710425  8.85645
rho_c = 0.00201755, P_c = 0.000760198, eps_c = 0.00245284
Scale = 100, Pressure Depletion = 1
finished odeint with kount = 4555, r = 8.6874, and P = 1.06213e-22
Found TOV solution for rho_c = 0.00201755
       Mass     = 2.2189
       RestMass = 2.57091
       Radius   = 6.27226
       Circ Radius = 8.6874
       Surf Lapse  =  0.699406  0.699406  8.6874
rho_c = 0.00223043, P_c = 0.000919747, eps_c = 0.00271164
Scale = 100, Pressure Depletion = 1
finished odeint with kount = 4479, r = 8.51113, and P = 4.54613e-24
Found TOV solution for rho_c = 0.00223043
       Mass     = 2.23594
       RestMass = 2.60201
       Radius   = 6.06925
       Circ Radius = 8.51113
       Surf Lapse  =  0.6889  0.6889  8.51113
rho_c = 0.00246576, P_c = 0.00111278, eps_c = 0.00299775
Scale = 100, Pressure Depletion = 1
finished odeint with kount = 4370, r = 8.3298, and P = 3.10658e-22
Found TOV solution for rho_c = 0.00246576
       Mass     = 2.2451
       RestMass = 2.62522
       Radius   = 5.87002
       Circ Radius = 8.3298
       Surf Lapse  =  0.678931  0.678931  8.3298
rho_c = 0.00272593, P_c = 0.00134633, eps_c = 0.00331405
Scale = 100, Pressure Depletion = 1
finished odeint with kount = 4293, r = 8.14512, and P = 3.01544e-22
Found TOV solution for rho_c = 0.00272593
       Mass     = 2.24704
       RestMass = 2.64123
       Radius   = 5.67567
       Circ Radius = 8.14512
       Surf Lapse  =  0.669513  0.669513  8.14512
rho_c = 0.00301355, P_c = 0.0016289, eps_c = 0.00366372
Scale = 100, Pressure Depletion = 1
finished odeint with kount = 4200, r = 7.95926, and P = 1.13203e-21
Found TOV solution for rho_c = 0.00301355
       Mass     = 2.24244
       RestMass = 2.65064
       Radius   = 5.48774
       Circ Radius = 7.95926
       Surf Lapse  =  0.660697  0.660697  7.95926
rho_c = 0.00333151, P_c = 0.00197077, eps_c = 0.00405028
Scale = 100, Pressure Depletion = 1
finished odeint with kount = 4097, r = 7.77356, and P = 1.21905e-21
Found TOV solution for rho_c = 0.00333151
       Mass     = 2.23198
       RestMass = 2.65401
       Radius   = 5.3069
       Circ Radius = 7.77356
       Surf Lapse  =  0.652496  0.652496  7.77356
rho_c = 0.00368302, P_c = 0.00238439, eps_c = 0.00447764
Scale = 100, Pressure Depletion = 1
finished odeint with kount = 4007, r = 7.59, and P = 2.04574e-23
Found TOV solution for rho_c = 0.00368302
       Mass     = 2.21636
       RestMass = 2.65186
       Radius   = 5.13447
       Circ Radius = 7.59
       Surf Lapse  =  0.644965  0.644965  7.59
rho_c = 0.00407163, P_c = 0.00288483, eps_c = 0.00495008
Scale = 100, Pressure Depletion = 1
finished odeint with kount = 3927, r = 7.40947, and P = 3.6227e-23
Found TOV solution for rho_c = 0.00407163
       Mass     = 2.19625
       RestMass = 2.64471
       Radius   = 4.97061
       Circ Radius = 7.40947
       Surf Lapse  =  0.638104  0.638104  7.40947
rho_c = 0.00450123, P_c = 0.00349029, eps_c = 0.00547237
Scale = 100, Pressure Depletion = 1
finished odeint with kount = 3836, r = 7.23328, and P = 2.88835e-21
Found TOV solution for rho_c = 0.00450123
       Mass     = 2.17235
       RestMass = 2.63309
       Radius   = 4.81596
       Circ Radius = 7.23328
       Surf Lapse  =  0.631939  0.631939  7.23328
rho_c = 0.00497616, P_c = 0.00422283, eps_c = 0.00604977
Scale = 100, Pressure Depletion = 1
finished odeint with kount = 3740, r = 7.06214, and P = 8.09777e-22
Found TOV solution for rho_c = 0.00497616
       Mass     = 2.1453
       RestMass = 2.6175
       Radius   = 4.67049
       Circ Radius = 7.06214
       Surf Lapse  =  0.626458  0.626458  7.06214
rho_c = 0.00550121, P_c = 0.00510911, eps_c = 0.00668809
Scale = 100, Pressure Depletion = 1
finished odeint with kount = 3653, r = 6.89824, and P = 1.16169e-21
Found TOV solution for rho_c = 0.00550121
       Mass     = 2.11574
       RestMass = 2.59848
       Radius   = 4.53577
       Circ Radius = 6.89824
       Surf Lapse  =  0.62176  0.62176  6.89824
rho_c = 0.00608165, P_c = 0.00618141, eps_c = 0.00739376
Scale = 100, Pressure Depletion = 1
finished odeint with kount = 3587, r = 6.74091, and P = 2.53099e-21
Found TOV solution for rho_c = 0.00608165
       Mass     = 2.08427
       RestMass = 2.57653
       Radius   = 4.41039
       Circ Radius = 6.74091
       Surf Lapse  =  0.617742  0.617742  6.74091
rho_c = 0.00672333, P_c = 0.00747876, eps_c = 0.00817389
Scale = 100, Pressure Depletion = 1
finished odeint with kount = 3510, r = 6.59137, and P = 3.41859e-21
Found TOV solution for rho_c = 0.00672333
       Mass     = 2.05145
       RestMass = 2.55217
       Radius   = 4.29496
       Circ Radius = 6.59137
       Surf Lapse  =  0.614439  0.614439  6.59137
rho_c = 0.00743272, P_c = 0.00904839, eps_c = 0.00903633
Scale = 100, Pressure Depletion = 1
finished odeint with kount = 3441, r = 6.45018, and P = 6.77137e-21
Found TOV solution for rho_c = 0.00743272
       Mass     = 2.0178
       RestMass = 2.52588
       Radius   = 4.18942
       Circ Radius = 6.45018
       Surf Lapse  =  0.611837  0.611837  6.45018
rho_c = 0.00821696, P_c = 0.0109475, eps_c = 0.00998977
Scale = 100, Pressure Depletion = 1
finished odeint with kount = 3363, r = 6.31769, and P = 2.99968e-22
Found TOV solution for rho_c = 0.00821696
       Mass     = 1.98378
       RestMass = 2.49816
       Radius   = 4.09357
       Circ Radius = 6.31769
       Surf Lapse  =  0.609911  0.609911  6.31769
rho_c = 0.00908395, P_c = 0.0132451, eps_c = 0.0110438
Scale = 100, Pressure Depletion = 1
finished odeint with kount = 3297, r = 6.19424, and P = 3.00765e-21
Found TOV solution for rho_c = 0.00908395
       Mass     = 1.94984
       RestMass = 2.46947
       Radius   = 4.00722
       Circ Radius = 6.19424
       Surf Lapse  =  0.608634  0.608634  6.19424
rho_c = 0.0100424, P_c = 0.016025, eps_c = 0.0122091
Scale = 100, Pressure Depletion = 1
finished odeint with kount = 3261, r = 6.07994, and P = 3.43065e-21
Found TOV solution for rho_c = 0.0100424
       Mass     = 1.91634
       RestMass = 2.44023
       Radius   = 3.92999
       Circ Radius = 6.07994
       Surf Lapse  =  0.607964  0.607964  6.07994
rho_c = 0.011102, P_c = 0.0193883, eps_c = 0.0134973
Scale = 100, Pressure Depletion = 1
finished odeint with kount = 3206, r = 5.975, and P = 5.41346e-21
Found TOV solution for rho_c = 0.011102
       Mass     = 1.88361
       RestMass = 2.41084
       Radius   = 3.8617
       Circ Radius = 5.975
       Surf Lapse  =  0.607867  0.607867  5.975
rho_c = 0.0122734, P_c = 0.0234574, eps_c = 0.0149214
Scale = 100, Pressure Depletion = 1
finished odeint with kount = 3144, r = 5.8793, and P = 8.28783e-21
Found TOV solution for rho_c = 0.0122734
       Mass     = 1.85196
       RestMass = 2.38169
       Radius   = 3.80181
       Circ Radius = 5.8793
       Surf Lapse  =  0.608283  0.608283  5.8793
rho_c = 0.0135684, P_c = 0.0283807, eps_c = 0.0164958
Scale = 100, Pressure Depletion = 1
finished odeint with kount = 3109, r = 5.79284, and P = 1.0095e-20
Found TOV solution for rho_c = 0.0135684
       Mass     = 1.8216
       RestMass = 2.35309
       Radius   = 3.75003
       Circ Radius = 5.79284
       Surf Lapse  =  0.609168  0.609168  5.79284
rho_c = 0.015, P_c = 0.0343372, eps_c = 0.0182362
Scale = 100, Pressure Depletion = 1
finished odeint with kount = 3067, r = 5.71574, and P = 4.83864e-21
Found TOV solution for rho_c = 0.015
       Mass     = 1.79274
       RestMass = 2.32535
       Radius   = 3.7062
       Circ Radius = 5.71574
       Surf Lapse  =  0.610491  0.610491  5.71574
