rho_c = 0.00118, P_c = 0.000162829, eps_c = 0.00127582
Scale = 100, Pressure Depletion = 1
finished odeint with kount = 4724, r = 8.95741, and P = 5.18586e-23
Found TOV solution for rho_c = 0.00118
       Mass     = 1.38668
       RestMass = 1.53449
       Radius   = 7.50669
       Circ Radius = 8.95741
       Surf Lapse  =  0.830893  0.830893  8.95741
rho_c = 0.0011804, P_c = 0.000162975, eps_c = 0.00127631
Scale = 100, Pressure Depletion = 1
finished odeint with kount = 4736, r = 8.95138, and P = 4.11936e-23
Found TOV solution for rho_c = 0.0011804
       Mass     = 1.38711
       RestMass = 1.53502
       Radius   = 7.50013
       Circ Radius = 8.95138
       Surf Lapse  =  0.830709  0.830709  8.95138
rho_c = 0.00118081, P_c = 0.00016312, eps_c = 0.0012768
Scale = 100, Pressure Depletion = 1
finished odeint with kount = 4726, r = 8.95939, and P = 4.23129e-23
Found TOV solution for rho_c = 0.00118081
       Mass     = 1.38755
       RestMass = 1.53555
       Radius   = 7.50773
       Circ Radius = 8.95939
       Surf Lapse  =  0.830818  0.830818  8.95939
rho_c = 0.00118121, P_c = 0.000163266, eps_c = 0.00127729
Scale = 100, Pressure Depletion = 1
finished odeint with kount = 4723, r = 8.95838, and P = 1.1447e-22
Found TOV solution for rho_c = 0.00118121
       Mass     = 1.38798
       RestMass = 1.53608
       Radius   = 7.50624
       Circ Radius = 8.95838
       Surf Lapse  =  0.830739  0.830739  8.95838
rho_c = 0.00118162, P_c = 0.000163412, eps_c = 0.00127779
Scale = 100, Pressure Depletion = 1
finished odeint with kount = 4729, r = 8.95783, and P = 3.17396e-24
Found TOV solution for rho_c = 0.00118162
       Mass     = 1.38841
       RestMass = 1.53661
       Radius   = 7.50521
       Circ Radius = 8.95783
       Surf Lapse  =  0.83067  0.83067  8.95783
rho_c = 0.00118203, P_c = 0.000163558, eps_c = 0.00127828
Scale = 100, Pressure Depletion = 1
finished odeint with kount = 4704, r = 8.95694, and P = 9.35945e-23
Found TOV solution for rho_c = 0.00118203
       Mass     = 1.38884
       RestMass = 1.53714
       Radius   = 7.50384
       Circ Radius = 8.95694
       Surf Lapse  =  0.830593  0.830593  8.95694
rho_c = 0.00118243, P_c = 0.000163705, eps_c = 0.00127877
Scale = 100, Pressure Depletion = 1
finished odeint with kount = 4735, r = 8.95815, and P = 5.02654e-23
Found TOV solution for rho_c = 0.00118243
       Mass     = 1.38927
       RestMass = 1.53767
       Radius   = 7.50458
       Circ Radius = 8.95815
       Surf Lapse  =  0.83056  0.83056  8.95815
rho_c = 0.00118284, P_c = 0.000163851, eps_c = 0.00127927
Scale = 100, Pressure Depletion = 1
finished odeint with kount = 4731, r = 8.95791, and P = 3.07682e-23
Found TOV solution for rho_c = 0.00118284
       Mass     = 1.3897
       RestMass = 1.5382
       Radius   = 7.50386
       Circ Radius = 8.95791
       Surf Lapse  =  0.830497  0.830497  8.95791
rho_c = 0.00118324, P_c = 0.000163998, eps_c = 0.00127976
Scale = 100, Pressure Depletion = 1
finished odeint with kount = 4726, r = 8.95711, and P = 6.48607e-23
Found TOV solution for rho_c = 0.00118324
       Mass     = 1.39014
       RestMass = 1.53873
       Radius   = 7.50258
       Circ Radius = 8.95711
       Surf Lapse  =  0.830423  0.830423  8.95711
rho_c = 0.00118365, P_c = 0.000164144, eps_c = 0.00128026
Scale = 100, Pressure Depletion = 1
finished odeint with kount = 4724, r = 8.95497, and P = 5.78323e-23
Found TOV solution for rho_c = 0.00118365
       Mass     = 1.39057
       RestMass = 1.53926
       Radius   = 7.49995
       Circ Radius = 8.95497
       Surf Lapse  =  0.83032  0.83032  8.95497
rho_c = 0.00118405, P_c = 0.000164291, eps_c = 0.00128075
Scale = 100, Pressure Depletion = 1
finished odeint with kount = 4736, r = 8.95484, and P = 7.10618e-23
Found TOV solution for rho_c = 0.00118405
       Mass     = 1.391
       RestMass = 1.53979
       Radius   = 7.49934
       Circ Radius = 8.95484
       Surf Lapse  =  0.830259  0.830259  8.95484
rho_c = 0.00118446, P_c = 0.000164438, eps_c = 0.00128124
Scale = 100, Pressure Depletion = 1
finished odeint with kount = 4730, r = 8.95316, and P = 7.72416e-24
Found TOV solution for rho_c = 0.00118446
       Mass     = 1.39143
       RestMass = 1.54032
       Radius   = 7.49717
       Circ Radius = 8.95316
       Surf Lapse  =  0.830166  0.830166  8.95316
rho_c = 0.00118487, P_c = 0.000164585, eps_c = 0.00128174
Scale = 100, Pressure Depletion = 1
finished odeint with kount = 4727, r = 8.95346, and P = 4.21359e-23
Found TOV solution for rho_c = 0.00118487
       Mass     = 1.39186
       RestMass = 1.54085
       Radius   = 7.497
       Circ Radius = 8.95346
       Surf Lapse  =  0.830114  0.830114  8.95346
rho_c = 0.00118527, P_c = 0.000164732, eps_c = 0.00128223
Scale = 100, Pressure Depletion = 1
finished odeint with kount = 4723, r = 8.95484, and P = 1.11324e-23
Found TOV solution for rho_c = 0.00118527
       Mass     = 1.39229
       RestMass = 1.54138
       Radius   = 7.49792
       Circ Radius = 8.95484
       Surf Lapse  =  0.830085  0.830085  8.95484
rho_c = 0.00118568, P_c = 0.00016488, eps_c = 0.00128273
Scale = 100, Pressure Depletion = 1
finished odeint with kount = 4723, r = 8.95358, and P = 1.30961e-22
Found TOV solution for rho_c = 0.00118568
       Mass     = 1.39272
       RestMass = 1.54191
       Radius   = 7.49617
       Circ Radius = 8.95358
       Surf Lapse  =  0.830001  0.830001  8.95358
rho_c = 0.00118609, P_c = 0.000165027, eps_c = 0.00128322
Scale = 100, Pressure Depletion = 1
finished odeint with kount = 4723, r = 8.95299, and P = 9.63418e-23
Found TOV solution for rho_c = 0.00118609
       Mass     = 1.39315
       RestMass = 1.54244
       Radius   = 7.49509
       Circ Radius = 8.95299
       Surf Lapse  =  0.82993  0.82993  8.95299
rho_c = 0.00118649, P_c = 0.000165175, eps_c = 0.00128372
Scale = 100, Pressure Depletion = 1
finished odeint with kount = 4729, r = 8.95174, and P = 3.66771e-23
Found TOV solution for rho_c = 0.00118649
       Mass     = 1.39358
       RestMass = 1.54296
       Radius   = 7.49336
       Circ Radius = 8.95174
       Surf Lapse  =  0.829846  0.829846  8.95174
rho_c = 0.0011869, P_c = 0.000165322, eps_c = 0.00128421
Scale = 100, Pressure Depletion = 1
finished odeint with kount = 4726, r = 8.95128, and P = 3.67371e-23
Found TOV solution for rho_c = 0.0011869
       Mass     = 1.39402
       RestMass = 1.54349
       Radius   = 7.49243
       Circ Radius = 8.95128
       Surf Lapse  =  0.829779  0.829779  8.95128
rho_c = 0.00118731, P_c = 0.00016547, eps_c = 0.00128471
Scale = 100, Pressure Depletion = 1
finished odeint with kount = 4722, r = 8.95054, and P = 9.0587e-23
Found TOV solution for rho_c = 0.00118731
       Mass     = 1.39445
       RestMass = 1.54402
       Radius   = 7.4912
       Circ Radius = 8.95054
       Surf Lapse  =  0.829705  0.829705  8.95054
rho_c = 0.00118772, P_c = 0.000165618, eps_c = 0.00128521
Scale = 100, Pressure Depletion = 1
finished odeint with kount = 4730, r = 8.9543, and P = 4.71269e-23
Found TOV solution for rho_c = 0.00118772
       Mass     = 1.39488
       RestMass = 1.54455
       Radius   = 7.49452
       Circ Radius = 8.9543
       Surf Lapse  =  0.829726  0.829726  8.9543
rho_c = 0.00118812, P_c = 0.000165766, eps_c = 0.0012857
Scale = 100, Pressure Depletion = 1
finished odeint with kount = 4712, r = 8.95242, and P = 8.78031e-23
Found TOV solution for rho_c = 0.00118812
       Mass     = 1.39531
       RestMass = 1.54508
       Radius   = 7.49215
       Circ Radius = 8.95242
       Surf Lapse  =  0.829629  0.829629  8.95242
rho_c = 0.00118853, P_c = 0.000165914, eps_c = 0.0012862
Scale = 100, Pressure Depletion = 1
finished odeint with kount = 4722, r = 8.94513, and P = 9.49495e-23
Found TOV solution for rho_c = 0.00118853
       Mass     = 1.39574
       RestMass = 1.54561
       Radius   = 7.48432
       Circ Radius = 8.94513
       Surf Lapse  =  0.829417  0.829417  8.94513
rho_c = 0.00118894, P_c = 0.000166063, eps_c = 0.00128669
Scale = 100, Pressure Depletion = 1
finished odeint with kount = 4726, r = 8.94397, and P = 4.07356e-24
Found TOV solution for rho_c = 0.00118894
       Mass     = 1.39617
       RestMass = 1.54614
       Radius   = 7.48267
       Circ Radius = 8.94397
       Surf Lapse  =  0.829335  0.829335  8.94397
rho_c = 0.00118935, P_c = 0.000166211, eps_c = 0.00128719
Scale = 100, Pressure Depletion = 1
finished odeint with kount = 4731, r = 8.94425, and P = 1.34694e-22
Found TOV solution for rho_c = 0.00118935
       Mass     = 1.3966
       RestMass = 1.54667
       Radius   = 7.48248
       Circ Radius = 8.94425
       Surf Lapse  =  0.829283  0.829283  8.94425
rho_c = 0.00118975, P_c = 0.00016636, eps_c = 0.00128769
Scale = 100, Pressure Depletion = 1
finished odeint with kount = 4738, r = 8.94254, and P = 6.54446e-23
Found TOV solution for rho_c = 0.00118975
       Mass     = 1.39703
       RestMass = 1.5472
       Radius   = 7.48028
       Circ Radius = 8.94254
       Surf Lapse  =  0.829189  0.829189  8.94254
rho_c = 0.00119016, P_c = 0.000166509, eps_c = 0.00128818
Scale = 100, Pressure Depletion = 1
finished odeint with kount = 4708, r = 8.94276, and P = 6.88167e-23
Found TOV solution for rho_c = 0.00119016
       Mass     = 1.39746
       RestMass = 1.54773
       Radius   = 7.48003
       Circ Radius = 8.94276
       Surf Lapse  =  0.829135  0.829135  8.94276
rho_c = 0.00119057, P_c = 0.000166657, eps_c = 0.00128868
Scale = 100, Pressure Depletion = 1
finished odeint with kount = 4724, r = 8.94324, and P = 2.63383e-23
Found TOV solution for rho_c = 0.00119057
       Mass     = 1.39789
       RestMass = 1.54826
       Radius   = 7.48004
       Circ Radius = 8.94324
       Surf Lapse  =  0.829088  0.829088  8.94324
rho_c = 0.00119098, P_c = 0.000166806, eps_c = 0.00128918
Scale = 100, Pressure Depletion = 1
finished odeint with kount = 4727, r = 8.94035, and P = 2.89877e-23
Found TOV solution for rho_c = 0.00119098
       Mass     = 1.39832
       RestMass = 1.54879
       Radius   = 7.47665
       Circ Radius = 8.94035
       Surf Lapse  =  0.828969  0.828969  8.94035
rho_c = 0.00119139, P_c = 0.000166955, eps_c = 0.00128968
Scale = 100, Pressure Depletion = 1
finished odeint with kount = 4714, r = 8.94835, and P = 2.3306e-23
Found TOV solution for rho_c = 0.00119139
       Mass     = 1.39875
       RestMass = 1.54931
       Radius   = 7.48425
       Circ Radius = 8.94835
       Surf Lapse  =  0.829079  0.829079  8.94835
rho_c = 0.0011918, P_c = 0.000167105, eps_c = 0.00129017
Scale = 100, Pressure Depletion = 1
finished odeint with kount = 4723, r = 8.94655, and P = 4.45745e-23
Found TOV solution for rho_c = 0.0011918
       Mass     = 1.39918
       RestMass = 1.54984
       Radius   = 7.48195
       Circ Radius = 8.94655
       Surf Lapse  =  0.828983  0.828983  8.94655
rho_c = 0.0011922, P_c = 0.000167254, eps_c = 0.00129067
Scale = 100, Pressure Depletion = 1
finished odeint with kount = 4700, r = 8.9194, and P = 7.71203e-23
Found TOV solution for rho_c = 0.0011922
       Mass     = 1.39961
       RestMass = 1.55037
       Radius   = 7.45409
       Circ Radius = 8.9194
       Surf Lapse  =  0.82835  0.82835  8.9194
rho_c = 0.00119261, P_c = 0.000167404, eps_c = 0.00129117
Scale = 100, Pressure Depletion = 1
finished odeint with kount = 4700, r = 8.91707, and P = 8.73126e-23
Found TOV solution for rho_c = 0.00119261
       Mass     = 1.40004
       RestMass = 1.5509
       Radius   = 7.45126
       Circ Radius = 8.91707
       Surf Lapse  =  0.828243  0.828243  8.91707
rho_c = 0.00119302, P_c = 0.000167553, eps_c = 0.00129167
Scale = 100, Pressure Depletion = 1
finished odeint with kount = 4709, r = 8.91815, and P = 1.2285e-23
Found TOV solution for rho_c = 0.00119302
       Mass     = 1.40047
       RestMass = 1.55143
       Radius   = 7.45188
       Circ Radius = 8.91815
       Surf Lapse  =  0.828208  0.828208  8.91815
rho_c = 0.00119343, P_c = 0.000167703, eps_c = 0.00129217
Scale = 100, Pressure Depletion = 1
finished odeint with kount = 4699, r = 8.91654, and P = 3.64399e-23
Found TOV solution for rho_c = 0.00119343
       Mass     = 1.4009
       RestMass = 1.55196
       Radius   = 7.44978
       Circ Radius = 8.91654
       Surf Lapse  =  0.828115  0.828115  8.91654
rho_c = 0.00119384, P_c = 0.000167853, eps_c = 0.00129267
Scale = 100, Pressure Depletion = 1
finished odeint with kount = 4697, r = 8.91641, and P = 5.75105e-23
Found TOV solution for rho_c = 0.00119384
       Mass     = 1.40133
       RestMass = 1.55249
       Radius   = 7.44917
       Circ Radius = 8.91641
       Surf Lapse  =  0.828054  0.828054  8.91641
rho_c = 0.00119425, P_c = 0.000168003, eps_c = 0.00129316
Scale = 100, Pressure Depletion = 1
finished odeint with kount = 4710, r = 8.91421, and P = 1.68582e-23
Found TOV solution for rho_c = 0.00119425
       Mass     = 1.40176
       RestMass = 1.55302
       Radius   = 7.44648
       Circ Radius = 8.91421
       Surf Lapse  =  0.827949  0.827949  8.91421
rho_c = 0.00119466, P_c = 0.000168153, eps_c = 0.00129366
Scale = 100, Pressure Depletion = 1
finished odeint with kount = 4697, r = 8.91707, and P = 9.62111e-23
Found TOV solution for rho_c = 0.00119466
       Mass     = 1.40219
       RestMass = 1.55355
       Radius   = 7.44889
       Circ Radius = 8.91707
       Surf Lapse  =  0.827952  0.827952  8.91707
rho_c = 0.00119507, P_c = 0.000168303, eps_c = 0.00129416
Scale = 100, Pressure Depletion = 1
finished odeint with kount = 4701, r = 8.91583, and P = 8.45568e-23
Found TOV solution for rho_c = 0.00119507
       Mass     = 1.40262
       RestMass = 1.55407
       Radius   = 7.44716
       Circ Radius = 8.91583
       Surf Lapse  =  0.827867  0.827867  8.91583
rho_c = 0.00119548, P_c = 0.000168454, eps_c = 0.00129466
Scale = 100, Pressure Depletion = 1
finished odeint with kount = 4715, r = 8.91468, and P = 1.5831e-22
Found TOV solution for rho_c = 0.00119548
       Mass     = 1.40305
       RestMass = 1.5546
       Radius   = 7.44553
       Circ Radius = 8.91468
       Surf Lapse  =  0.827784  0.827784  8.91468
rho_c = 0.00119589, P_c = 0.000168604, eps_c = 0.00129516
Scale = 100, Pressure Depletion = 1
finished odeint with kount = 4699, r = 8.91686, and P = 9.58234e-23
Found TOV solution for rho_c = 0.00119589
       Mass     = 1.40348
       RestMass = 1.55513
       Radius   = 7.44726
       Circ Radius = 8.91686
       Surf Lapse  =  0.827773  0.827773  8.91686
rho_c = 0.0011963, P_c = 0.000168755, eps_c = 0.00129566
Scale = 100, Pressure Depletion = 1
finished odeint with kount = 4695, r = 8.91411, and P = 8.74827e-23
Found TOV solution for rho_c = 0.0011963
       Mass     = 1.40391
       RestMass = 1.55566
       Radius   = 7.44401
       Circ Radius = 8.91411
       Surf Lapse  =  0.827656  0.827656  8.91411
rho_c = 0.00119671, P_c = 0.000168906, eps_c = 0.00129616
Scale = 100, Pressure Depletion = 1
finished odeint with kount = 4709, r = 8.91365, and P = 1.18104e-23
Found TOV solution for rho_c = 0.00119671
       Mass     = 1.40434
       RestMass = 1.55619
       Radius   = 7.44307
       Circ Radius = 8.91365
       Surf Lapse  =  0.827588  0.827588  8.91365
rho_c = 0.00119712, P_c = 0.000169057, eps_c = 0.00129666
Scale = 100, Pressure Depletion = 1
finished odeint with kount = 4706, r = 8.91175, and P = 6.82759e-23
Found TOV solution for rho_c = 0.00119712
       Mass     = 1.40477
       RestMass = 1.55672
       Radius   = 7.44068
       Circ Radius = 8.91175
       Surf Lapse  =  0.827489  0.827489  8.91175
rho_c = 0.00119753, P_c = 0.000169208, eps_c = 0.00129716
Scale = 100, Pressure Depletion = 1
finished odeint with kount = 4702, r = 8.91047, and P = 1.0756e-22
Found TOV solution for rho_c = 0.00119753
       Mass     = 1.4052
       RestMass = 1.55725
       Radius   = 7.43892
       Circ Radius = 8.91047
       Surf Lapse  =  0.827403  0.827403  8.91047
rho_c = 0.00119794, P_c = 0.000169359, eps_c = 0.00129766
Scale = 100, Pressure Depletion = 1
finished odeint with kount = 4703, r = 8.91128, and P = 2.03576e-23
Found TOV solution for rho_c = 0.00119794
       Mass     = 1.40563
       RestMass = 1.55777
       Radius   = 7.43926
       Circ Radius = 8.91128
       Surf Lapse  =  0.827363  0.827363  8.91128
rho_c = 0.00119835, P_c = 0.00016951, eps_c = 0.00129816
Scale = 100, Pressure Depletion = 1
finished odeint with kount = 4705, r = 8.91217, and P = 3.01713e-23
Found TOV solution for rho_c = 0.00119835
       Mass     = 1.40606
       RestMass = 1.5583
       Radius   = 7.43968
       Circ Radius = 8.91217
       Surf Lapse  =  0.827323  0.827323  8.91217
rho_c = 0.00119877, P_c = 0.000169662, eps_c = 0.00129866
Scale = 100, Pressure Depletion = 1
finished odeint with kount = 4705, r = 8.91128, and P = 1.63112e-22
Found TOV solution for rho_c = 0.00119877
       Mass     = 1.40649
       RestMass = 1.55883
       Radius   = 7.43831
       Circ Radius = 8.91128
       Surf Lapse  =  0.827246  0.827246  8.91128
rho_c = 0.00119918, P_c = 0.000169813, eps_c = 0.00129916
Scale = 100, Pressure Depletion = 1
finished odeint with kount = 4715, r = 8.91174, and P = 4.0496e-23
Found TOV solution for rho_c = 0.00119918
       Mass     = 1.40691
       RestMass = 1.55936
       Radius   = 7.4383
       Circ Radius = 8.91174
       Surf Lapse  =  0.827198  0.827198  8.91174
rho_c = 0.00119959, P_c = 0.000169965, eps_c = 0.00129967
Scale = 100, Pressure Depletion = 1
finished odeint with kount = 4697, r = 8.91356, and P = 1.24303e-22
Found TOV solution for rho_c = 0.00119959
       Mass     = 1.40734
       RestMass = 1.55989
       Radius   = 7.43966
       Circ Radius = 8.91356
       Surf Lapse  =  0.827179  0.827179  8.91356
rho_c = 0.0012, P_c = 0.000170117, eps_c = 0.00130017
Scale = 100, Pressure Depletion = 1
finished odeint with kount = 4710, r = 8.91553, and P = 5.92999e-23
Found TOV solution for rho_c = 0.0012
       Mass     = 1.40777
       RestMass = 1.56042
       Radius   = 7.44118
       Circ Radius = 8.91553
       Surf Lapse  =  0.827163  0.827163  8.91553
