rho_c = 0.00117, P_c = 0.000159145, eps_c = 0.00126359
Scale = 100, Pressure Depletion = 1
finished odeint with kount = 4266, r = 8.22086, and P = 1.45832e-22
Found TOV solution for rho_c = 0.00117
       Mass     = 1.3752
       RestMass = 1.52043
       Radius   = 6.77588
       Circ Radius = 8.22086
       Surf Lapse  =  0.815742  0.815742  8.22086
rho_c = 0.00117076, P_c = 0.000159415, eps_c = 0.00126452
Scale = 100, Pressure Depletion = 1
finished odeint with kount = 4271, r = 8.22087, and P = 1.61025e-23
Found TOV solution for rho_c = 0.00117076
       Mass     = 1.37603
       RestMass = 1.52143
       Radius   = 6.77497
       Circ Radius = 8.22087
       Surf Lapse  =  0.81562  0.81562  8.22087
rho_c = 0.00117152, P_c = 0.000159686, eps_c = 0.00126544
Scale = 100, Pressure Depletion = 1
finished odeint with kount = 4281, r = 8.22087, and P = 6.32706e-23
Found TOV solution for rho_c = 0.00117152
       Mass     = 1.37685
       RestMass = 1.52244
       Radius   = 6.77406
       Circ Radius = 8.22087
       Surf Lapse  =  0.815498  0.815498  8.22087
rho_c = 0.00117228, P_c = 0.000159957, eps_c = 0.00126637
Scale = 100, Pressure Depletion = 1
finished odeint with kount = 4281, r = 8.22087, and P = 5.89587e-23
Found TOV solution for rho_c = 0.00117228
       Mass     = 1.37767
       RestMass = 1.52344
       Radius   = 6.77315
       Circ Radius = 8.22087
       Surf Lapse  =  0.815375  0.815375  8.22087
rho_c = 0.00117304, P_c = 0.000160228, eps_c = 0.00126729
Scale = 100, Pressure Depletion = 1
finished odeint with kount = 4271, r = 8.22086, and P = 9.36448e-24
Found TOV solution for rho_c = 0.00117304
       Mass     = 1.37848
       RestMass = 1.52445
       Radius   = 6.77223
       Circ Radius = 8.22086
       Surf Lapse  =  0.815253  0.815253  8.22086
rho_c = 0.0011738, P_c = 0.0001605, eps_c = 0.00126822
Scale = 100, Pressure Depletion = 1
finished odeint with kount = 4277, r = 8.22086, and P = 5.86538e-24
Found TOV solution for rho_c = 0.0011738
       Mass     = 1.3793
       RestMass = 1.52545
       Radius   = 6.77131
       Circ Radius = 8.22086
       Surf Lapse  =  0.815131  0.815131  8.22086
rho_c = 0.00117457, P_c = 0.000160772, eps_c = 0.00126915
Scale = 100, Pressure Depletion = 1
finished odeint with kount = 4265, r = 8.22086, and P = 7.26816e-24
Found TOV solution for rho_c = 0.00117457
       Mass     = 1.38012
       RestMass = 1.52645
       Radius   = 6.7704
       Circ Radius = 8.22086
       Surf Lapse  =  0.815008  0.815008  8.22086
rho_c = 0.00117533, P_c = 0.000161045, eps_c = 0.00127008
Scale = 100, Pressure Depletion = 1
finished odeint with kount = 4280, r = 8.22085, and P = 1.29994e-22
Found TOV solution for rho_c = 0.00117533
       Mass     = 1.38094
       RestMass = 1.52746
       Radius   = 6.76948
       Circ Radius = 8.22085
       Surf Lapse  =  0.814886  0.814886  8.22085
rho_c = 0.00117609, P_c = 0.000161318, eps_c = 0.00127101
Scale = 100, Pressure Depletion = 1
finished odeint with kount = 4278, r = 8.22084, and P = 1.30703e-22
Found TOV solution for rho_c = 0.00117609
       Mass     = 1.38176
       RestMass = 1.52846
       Radius   = 6.76856
       Circ Radius = 8.22084
       Surf Lapse  =  0.814763  0.814763  8.22084
rho_c = 0.00117686, P_c = 0.000161591, eps_c = 0.00127193
Scale = 100, Pressure Depletion = 1
finished odeint with kount = 4277, r = 8.22083, and P = 5.41116e-24
Found TOV solution for rho_c = 0.00117686
       Mass     = 1.38258
       RestMass = 1.52947
       Radius   = 6.76764
       Circ Radius = 8.22083
       Surf Lapse  =  0.814641  0.814641  8.22083
rho_c = 0.00117762, P_c = 0.000161865, eps_c = 0.00127287
Scale = 100, Pressure Depletion = 1
finished odeint with kount = 4266, r = 8.22082, and P = 1.33907e-23
Found TOV solution for rho_c = 0.00117762
       Mass     = 1.3834
       RestMass = 1.53047
       Radius   = 6.76672
       Circ Radius = 8.22082
       Surf Lapse  =  0.814518  0.814518  8.22082
rho_c = 0.00117838, P_c = 0.00016214, eps_c = 0.0012738
Scale = 100, Pressure Depletion = 1
finished odeint with kount = 4274, r = 8.22081, and P = 5.09921e-23
Found TOV solution for rho_c = 0.00117838
       Mass     = 1.38422
       RestMass = 1.53147
       Radius   = 6.76579
       Circ Radius = 8.22081
       Surf Lapse  =  0.814396  0.814396  8.22081
rho_c = 0.00117915, P_c = 0.000162416, eps_c = 0.00127473
Scale = 100, Pressure Depletion = 1
finished odeint with kount = 4268, r = 8.2208, and P = 4.00158e-23
Found TOV solution for rho_c = 0.00117915
       Mass     = 1.38504
       RestMass = 1.53248
       Radius   = 6.76487
       Circ Radius = 8.2208
       Surf Lapse  =  0.814273  0.814273  8.2208
rho_c = 0.00117992, P_c = 0.000162691, eps_c = 0.00127567
Scale = 100, Pressure Depletion = 1
finished odeint with kount = 4267, r = 8.22079, and P = 1.32214e-22
Found TOV solution for rho_c = 0.00117992
       Mass     = 1.38586
       RestMass = 1.53349
       Radius   = 6.76394
       Circ Radius = 8.22079
       Surf Lapse  =  0.81415  0.81415  8.22079
rho_c = 0.00118068, P_c = 0.000162968, eps_c = 0.0012766
Scale = 100, Pressure Depletion = 1
finished odeint with kount = 4261, r = 8.22077, and P = 9.1891e-23
Found TOV solution for rho_c = 0.00118068
       Mass     = 1.38668
       RestMass = 1.53449
       Radius   = 6.76301
       Circ Radius = 8.22077
       Surf Lapse  =  0.814027  0.814027  8.22077
rho_c = 0.00118145, P_c = 0.000163245, eps_c = 0.00127754
Scale = 100, Pressure Depletion = 1
finished odeint with kount = 4284, r = 8.22075, and P = 6.91905e-23
Found TOV solution for rho_c = 0.00118145
       Mass     = 1.3875
       RestMass = 1.5355
       Radius   = 6.76208
       Circ Radius = 8.22075
       Surf Lapse  =  0.813904  0.813904  8.22075
rho_c = 0.00118222, P_c = 0.000163522, eps_c = 0.00127847
Scale = 100, Pressure Depletion = 1
finished odeint with kount = 4269, r = 8.22074, and P = 2.27131e-23
Found TOV solution for rho_c = 0.00118222
       Mass     = 1.38832
       RestMass = 1.5365
       Radius   = 6.76115
       Circ Radius = 8.22074
       Surf Lapse  =  0.813782  0.813782  8.22074
rho_c = 0.00118298, P_c = 0.0001638, eps_c = 0.00127941
Scale = 100, Pressure Depletion = 1
finished odeint with kount = 4274, r = 8.22072, and P = 6.82019e-23
Found TOV solution for rho_c = 0.00118298
       Mass     = 1.38914
       RestMass = 1.53751
       Radius   = 6.76022
       Circ Radius = 8.22072
       Surf Lapse  =  0.813659  0.813659  8.22072
rho_c = 0.00118375, P_c = 0.000164078, eps_c = 0.00128035
Scale = 100, Pressure Depletion = 1
finished odeint with kount = 4270, r = 8.2207, and P = 1.47722e-22
Found TOV solution for rho_c = 0.00118375
       Mass     = 1.38995
       RestMass = 1.53851
       Radius   = 6.75929
       Circ Radius = 8.2207
       Surf Lapse  =  0.813536  0.813536  8.2207
rho_c = 0.00118452, P_c = 0.000164357, eps_c = 0.00128128
Scale = 100, Pressure Depletion = 1
finished odeint with kount = 4266, r = 8.22067, and P = 6.84735e-23
Found TOV solution for rho_c = 0.00118452
       Mass     = 1.39077
       RestMass = 1.53952
       Radius   = 6.75835
       Circ Radius = 8.22067
       Surf Lapse  =  0.813413  0.813413  8.22067
rho_c = 0.00118529, P_c = 0.000164636, eps_c = 0.00128222
Scale = 100, Pressure Depletion = 1
finished odeint with kount = 4274, r = 8.22065, and P = 1.56941e-23
Found TOV solution for rho_c = 0.00118529
       Mass     = 1.39159
       RestMass = 1.54052
       Radius   = 6.75742
       Circ Radius = 8.22065
       Surf Lapse  =  0.81329  0.81329  8.22065
rho_c = 0.00118606, P_c = 0.000164915, eps_c = 0.00128316
Scale = 100, Pressure Depletion = 1
finished odeint with kount = 4285, r = 8.22062, and P = 1.513e-22
Found TOV solution for rho_c = 0.00118606
       Mass     = 1.39241
       RestMass = 1.54153
       Radius   = 6.75648
       Circ Radius = 8.22062
       Surf Lapse  =  0.813167  0.813167  8.22062
rho_c = 0.00118683, P_c = 0.000165195, eps_c = 0.0012841
Scale = 100, Pressure Depletion = 1
finished odeint with kount = 4277, r = 8.2206, and P = 8.96645e-23
Found TOV solution for rho_c = 0.00118683
       Mass     = 1.39323
       RestMass = 1.54253
       Radius   = 6.75554
       Circ Radius = 8.2206
       Surf Lapse  =  0.813044  0.813044  8.2206
rho_c = 0.0011876, P_c = 0.000165476, eps_c = 0.00128504
Scale = 100, Pressure Depletion = 1
finished odeint with kount = 4276, r = 8.22057, and P = 1.01187e-22
Found TOV solution for rho_c = 0.0011876
       Mass     = 1.39404
       RestMass = 1.54353
       Radius   = 6.7546
       Circ Radius = 8.22057
       Surf Lapse  =  0.812921  0.812921  8.22057
rho_c = 0.00118837, P_c = 0.000165757, eps_c = 0.00128599
Scale = 100, Pressure Depletion = 1
finished odeint with kount = 4286, r = 8.22054, and P = 1.0822e-23
Found TOV solution for rho_c = 0.00118837
       Mass     = 1.39486
       RestMass = 1.54454
       Radius   = 6.75366
       Circ Radius = 8.22054
       Surf Lapse  =  0.812798  0.812798  8.22054
rho_c = 0.00118914, P_c = 0.000166038, eps_c = 0.00128693
Scale = 100, Pressure Depletion = 1
finished odeint with kount = 4268, r = 8.22051, and P = 8.5473e-23
Found TOV solution for rho_c = 0.00118914
       Mass     = 1.39568
       RestMass = 1.54554
       Radius   = 6.75272
       Circ Radius = 8.22051
       Surf Lapse  =  0.812675  0.812675  8.22051
rho_c = 0.00118992, P_c = 0.00016632, eps_c = 0.00128787
Scale = 100, Pressure Depletion = 1
finished odeint with kount = 4277, r = 8.22048, and P = 8.39625e-23
Found TOV solution for rho_c = 0.00118992
       Mass     = 1.3965
       RestMass = 1.54655
       Radius   = 6.75177
       Circ Radius = 8.22048
       Surf Lapse  =  0.812551  0.812551  8.22048
rho_c = 0.00119069, P_c = 0.000166603, eps_c = 0.00128882
Scale = 100, Pressure Depletion = 1
finished odeint with kount = 4275, r = 8.22045, and P = 4.45147e-23
Found TOV solution for rho_c = 0.00119069
       Mass     = 1.39731
       RestMass = 1.54755
       Radius   = 6.75083
       Circ Radius = 8.22045
       Surf Lapse  =  0.812428  0.812428  8.22045
rho_c = 0.00119146, P_c = 0.000166885, eps_c = 0.00128976
Scale = 100, Pressure Depletion = 1
finished odeint with kount = 4268, r = 8.22041, and P = 1.13962e-22
Found TOV solution for rho_c = 0.00119146
       Mass     = 1.39813
       RestMass = 1.54856
       Radius   = 6.74988
       Circ Radius = 8.22041
       Surf Lapse  =  0.812305  0.812305  8.22041
rho_c = 0.00119224, P_c = 0.000167169, eps_c = 0.00129071
Scale = 100, Pressure Depletion = 1
finished odeint with kount = 4278, r = 8.22038, and P = 1.509e-23
Found TOV solution for rho_c = 0.00119224
       Mass     = 1.39895
       RestMass = 1.54956
       Radius   = 6.74894
       Circ Radius = 8.22038
       Surf Lapse  =  0.812182  0.812182  8.22038
rho_c = 0.00119301, P_c = 0.000167453, eps_c = 0.00129165
Scale = 100, Pressure Depletion = 1
finished odeint with kount = 4282, r = 8.22034, and P = 1.3931e-22
Found TOV solution for rho_c = 0.00119301
       Mass     = 1.39976
       RestMass = 1.55056
       Radius   = 6.74799
       Circ Radius = 8.22034
       Surf Lapse  =  0.812059  0.812059  8.22034
rho_c = 0.00119378, P_c = 0.000167737, eps_c = 0.0012926
Scale = 100, Pressure Depletion = 1
finished odeint with kount = 4272, r = 8.2203, and P = 1.13855e-22
Found TOV solution for rho_c = 0.00119378
       Mass     = 1.40058
       RestMass = 1.55157
       Radius   = 6.74704
       Circ Radius = 8.2203
       Surf Lapse  =  0.811936  0.811936  8.2203
rho_c = 0.00119456, P_c = 0.000168022, eps_c = 0.00129354
Scale = 100, Pressure Depletion = 1
finished odeint with kount = 4282, r = 8.22026, and P = 3.2432e-23
Found TOV solution for rho_c = 0.00119456
       Mass     = 1.40139
       RestMass = 1.55257
       Radius   = 6.74609
       Circ Radius = 8.22026
       Surf Lapse  =  0.811812  0.811812  8.22026
rho_c = 0.00119534, P_c = 0.000168307, eps_c = 0.00129449
Scale = 100, Pressure Depletion = 1
finished odeint with kount = 4263, r = 8.22022, and P = 7.33325e-23
Found TOV solution for rho_c = 0.00119534
       Mass     = 1.40221
       RestMass = 1.55357
       Radius   = 6.74514
       Circ Radius = 8.22022
       Surf Lapse  =  0.811689  0.811689  8.22022
rho_c = 0.00119611, P_c = 0.000168593, eps_c = 0.00129544
Scale = 100, Pressure Depletion = 1
finished odeint with kount = 4277, r = 8.22018, and P = 6.54163e-23
Found TOV solution for rho_c = 0.00119611
       Mass     = 1.40303
       RestMass = 1.55458
       Radius   = 6.74419
       Circ Radius = 8.22018
       Surf Lapse  =  0.811566  0.811566  8.22018
rho_c = 0.00119689, P_c = 0.000168879, eps_c = 0.00129639
Scale = 100, Pressure Depletion = 1
finished odeint with kount = 4269, r = 8.22014, and P = 3.53878e-24
Found TOV solution for rho_c = 0.00119689
       Mass     = 1.40384
       RestMass = 1.55558
       Radius   = 6.74323
       Circ Radius = 8.22014
       Surf Lapse  =  0.811442  0.811442  8.22014
rho_c = 0.00119767, P_c = 0.000169167, eps_c = 0.00129735
Scale = 100, Pressure Depletion = 1
finished odeint with kount = 4286, r = 8.22009, and P = 9.16046e-23
Found TOV solution for rho_c = 0.00119767
       Mass     = 1.40466
       RestMass = 1.55659
       Radius   = 6.74227
       Circ Radius = 8.22009
       Surf Lapse  =  0.811319  0.811319  8.22009
rho_c = 0.00119844, P_c = 0.000169454, eps_c = 0.0012983
Scale = 100, Pressure Depletion = 1
finished odeint with kount = 4268, r = 8.22005, and P = 3.57065e-23
Found TOV solution for rho_c = 0.00119844
       Mass     = 1.40547
       RestMass = 1.55759
       Radius   = 6.74131
       Circ Radius = 8.22005
       Surf Lapse  =  0.811195  0.811195  8.22005
rho_c = 0.00119922, P_c = 0.000169742, eps_c = 0.00129925
Scale = 100, Pressure Depletion = 1
finished odeint with kount = 4268, r = 8.22, and P = 9.10052e-24
Found TOV solution for rho_c = 0.00119922
       Mass     = 1.40629
       RestMass = 1.5586
       Radius   = 6.74036
       Circ Radius = 8.22
       Surf Lapse  =  0.811071  0.811071  8.22
rho_c = 0.0012, P_c = 0.000170031, eps_c = 0.00130021
Scale = 100, Pressure Depletion = 1
finished odeint with kount = 4269, r = 8.21995, and P = 4.10684e-23
Found TOV solution for rho_c = 0.0012
       Mass     = 1.40711
       RestMass = 1.5596
       Radius   = 6.73939
       Circ Radius = 8.21995
       Surf Lapse  =  0.810948  0.810948  8.21995
